Using pre-set license
Built from '2021.3/staging' branch; Version is '2021.3.15f1 (e8e88683f834) revision 15263878'; Using compiler version '192829333'; Build Type 'Release'
OS: 'Windows 10  (10.0.19044) 64bit Core' Language: 'en' Physical Memory: 8072 MB
BatchMode: 1, IsHumanControllingUs: 0, StartBugReporterOnCrash: 0, Is64bit: 1, IsPro: 1

COMMAND LINE ARGUMENTS:
C:\Program Files\Unity\Hub\Editor\2021.3.15f1\Editor\Unity.exe
-adb2
-batchMode
-noUpm
-name
AssetImportWorker0
-projectPath
C:/Users/cruzm/OneDrive/Ambiente de Trabalho/IPCA/CEV/The-Will-To-Survive
-logFile
Logs/AssetImportWorker0.log
-srvPort
50811
Successfully changed project path to: C:/Users/cruzm/OneDrive/Ambiente de Trabalho/IPCA/CEV/The-Will-To-Survive
C:/Users/cruzm/OneDrive/Ambiente de Trabalho/IPCA/CEV/The-Will-To-Survive
[UnityMemory] Configuration Parameters - Can be set up in boot.config
    "memorysetup-bucket-allocator-granularity=16"
    "memorysetup-bucket-allocator-bucket-count=8"
    "memorysetup-bucket-allocator-block-size=33554432"
    "memorysetup-bucket-allocator-block-count=8"
    "memorysetup-main-allocator-block-size=16777216"
    "memorysetup-thread-allocator-block-size=16777216"
    "memorysetup-gfx-main-allocator-block-size=16777216"
    "memorysetup-gfx-thread-allocator-block-size=16777216"
    "memorysetup-cache-allocator-block-size=4194304"
    "memorysetup-typetree-allocator-block-size=2097152"
    "memorysetup-profiler-bucket-allocator-granularity=16"
    "memorysetup-profiler-bucket-allocator-bucket-count=8"
    "memorysetup-profiler-bucket-allocator-block-size=33554432"
    "memorysetup-profiler-bucket-allocator-block-count=8"
    "memorysetup-profiler-allocator-block-size=16777216"
    "memorysetup-profiler-editor-allocator-block-size=1048576"
    "memorysetup-temp-allocator-size-main=16777216"
    "memorysetup-job-temp-allocator-block-size=2097152"
    "memorysetup-job-temp-allocator-block-size-background=1048576"
    "memorysetup-job-temp-allocator-reduction-small-platforms=262144"
    "memorysetup-temp-allocator-size-background-worker=32768"
    "memorysetup-temp-allocator-size-job-worker=262144"
    "memorysetup-temp-allocator-size-preload-manager=33554432"
    "memorysetup-temp-allocator-size-nav-mesh-worker=65536"
    "memorysetup-temp-allocator-size-audio-worker=65536"
    "memorysetup-temp-allocator-size-cloud-worker=32768"
    "memorysetup-temp-allocator-size-gi-baking-worker=262144"
    "memorysetup-temp-allocator-size-gfx=262144"
Player connection [6808] Host "[IP] 192.168.1.70 [Port] 0 [Flags] 2 [Guid] 4106602145 [EditorId] 4106602145 [Version] 1048832 [Id] WindowsEditor(7,DESKTOP-7K8CKTQ) [Debug] 1 [PackageName] WindowsEditor [ProjectName] Editor" joined multi-casting on [225.0.0.222:54997]...

Player connection [6808] Host "[IP] 192.168.1.70 [Port] 0 [Flags] 2 [Guid] 4106602145 [EditorId] 4106602145 [Version] 1048832 [Id] WindowsEditor(7,DESKTOP-7K8CKTQ) [Debug] 1 [PackageName] WindowsEditor [ProjectName] Editor" joined alternative multi-casting on [225.0.0.222:34997]...

Refreshing native plugins compatible for Editor in 109.08 ms, found 4 plugins.
Preloading 0 native plugins for Editor in 0.00 ms.
Initialize engine version: 2021.3.15f1 (e8e88683f834)
[Subsystems] Discovering subsystems at path C:/Program Files/Unity/Hub/Editor/2021.3.15f1/Editor/Data/Resources/UnitySubsystems
[Subsystems] Discovering subsystems at path C:/Users/cruzm/OneDrive/Ambiente de Trabalho/IPCA/CEV/The-Will-To-Survive/Assets
GfxDevice: creating device client; threaded=0; jobified=0
Direct3D:
    Version:  Direct3D 11.0 [level 11.1]
    Renderer: NVIDIA GeForce GTX 1650 (ID=0x1f91)
    Vendor:   NVIDIA
    VRAM:     3962 MB
    Driver:   27.21.14.5749
Initialize mono
Mono path[0] = 'C:/Program Files/Unity/Hub/Editor/2021.3.15f1/Editor/Data/Managed'
Mono path[1] = 'C:/Program Files/Unity/Hub/Editor/2021.3.15f1/Editor/Data/MonoBleedingEdge/lib/mono/unityjit-win32'
Mono config path = 'C:/Program Files/Unity/Hub/Editor/2021.3.15f1/Editor/Data/MonoBleedingEdge/etc'
Using monoOptions --debugger-agent=transport=dt_socket,embedding=1,server=y,suspend=n,address=127.0.0.1:56292
Begin MonoManager ReloadAssembly
Registering precompiled unity dll's ...
Register platform support module: C:/Program Files/Unity/Hub/Editor/2021.3.15f1/Editor/Data/PlaybackEngines/WebGLSupport/UnityEditor.WebGL.Extensions.dll
Register platform support module: C:/Program Files/Unity/Hub/Editor/2021.3.15f1/Editor/Data/PlaybackEngines/WindowsStandaloneSupport/UnityEditor.WindowsStandalone.Extensions.dll
Registered in 0.010299 seconds.
Native extension for WindowsStandalone target not found
Native extension for WebGL target not found
Refreshing native plugins compatible for Editor in 109.96 ms, found 4 plugins.
Preloading 0 native plugins for Editor in 0.00 ms.
Mono: successfully reloaded assembly
- Completed reload, in  0.750 seconds
Domain Reload Profiling:
	ReloadAssembly (751ms)
		BeginReloadAssembly (90ms)
			ExecutionOrderSort (0ms)
			DisableScriptedObjects (0ms)
			BackupInstance (0ms)
			ReleaseScriptingObjects (0ms)
			CreateAndSetChildDomain (1ms)
		EndReloadAssembly (526ms)
			LoadAssemblies (87ms)
			RebuildTransferFunctionScriptingTraits (0ms)
			SetupTypeCache (117ms)
			ReleaseScriptCaches (0ms)
			RebuildScriptCaches (34ms)
			SetupLoadedEditorAssemblies (322ms)
				LogAssemblyErrors (0ms)
				InitializePlatformSupportModulesInManaged (11ms)
				SetLoadedEditorAssemblies (0ms)
				RefreshPlugins (110ms)
				BeforeProcessingInitializeOnLoad (1ms)
				ProcessInitializeOnLoadAttributes (156ms)
				ProcessInitializeOnLoadMethodAttributes (44ms)
				AfterProcessingInitializeOnLoad (0ms)
				EditorAssembliesLoaded (0ms)
			ExecutionOrderSort2 (0ms)
			AwakeInstancesAfterBackupRestoration (0ms)
Platform modules already initialized, skipping
Registering precompiled user dll's ...
Registered in 0.009972 seconds.
Begin MonoManager ReloadAssembly
Symbol file LoadedFromMemory doesn't match image C:\Users\cruzm\OneDrive\Ambiente de Trabalho\IPCA\CEV\The-Will-To-Survive\Library\PackageCache\com.unity.visualscripting@1.7.8\Editor\VisualScripting.Core\Dependencies\YamlDotNet\Unity.VisualScripting.YamlDotNet.dll
Symbol file LoadedFromMemory doesn't match image C:\Users\cruzm\OneDrive\Ambiente de Trabalho\IPCA\CEV\The-Will-To-Survive\Library\PackageCache\com.unity.visualscripting@1.7.8\Editor\VisualScripting.Core\Dependencies\DotNetZip\Unity.VisualScripting.IonicZip.dll
Native extension for WindowsStandalone target not found
Native extension for WebGL target not found
Refreshing native plugins compatible for Editor in 93.88 ms, found 4 plugins.
Preloading 0 native plugins for Editor in 0.00 ms.
Mono: successfully reloaded assembly
- Completed reload, in  1.290 seconds
Domain Reload Profiling:
	ReloadAssembly (1291ms)
		BeginReloadAssembly (142ms)
			ExecutionOrderSort (0ms)
			DisableScriptedObjects (6ms)
			BackupInstance (0ms)
			ReleaseScriptingObjects (0ms)
			CreateAndSetChildDomain (23ms)
		EndReloadAssembly (1010ms)
			LoadAssemblies (113ms)
			RebuildTransferFunctionScriptingTraits (0ms)
			SetupTypeCache (301ms)
			ReleaseScriptCaches (1ms)
			RebuildScriptCaches (55ms)
			SetupLoadedEditorAssemblies (510ms)
				LogAssemblyErrors (0ms)
				InitializePlatformSupportModulesInManaged (7ms)
				SetLoadedEditorAssemblies (0ms)
				RefreshPlugins (94ms)
				BeforeProcessingInitializeOnLoad (109ms)
				ProcessInitializeOnLoadAttributes (250ms)
				ProcessInitializeOnLoadMethodAttributes (40ms)
				AfterProcessingInitializeOnLoad (10ms)
				EditorAssembliesLoaded (0ms)
			ExecutionOrderSort2 (0ms)
			AwakeInstancesAfterBackupRestoration (6ms)
Platform modules already initialized, skipping
========================================================================
Worker process is ready to serve import requests
Launched and connected shader compiler UnityShaderCompiler.exe after 0.08 seconds
Refreshing native plugins compatible for Editor in 1.02 ms, found 4 plugins.
Preloading 0 native plugins for Editor in 0.00 ms.
Unloading 4045 Unused Serialized files (Serialized files now loaded: 0)
Unloading 39 unused Assets / (87.6 KB). Loaded Objects now: 4501.
Memory consumption went from 150.8 MB to 150.7 MB.
Total: 8.759700 ms (FindLiveObjects: 0.655500 ms CreateObjectMapping: 0.511000 ms MarkObjects: 7.463500 ms  DeleteObjects: 0.127800 ms)

AssetImportParameters requested are different than current active one (requested -> active):
  custom:video-decoder-ogg-theora: a1e56fd34408186e4bbccfd4996cb3dc -> 
  custom:container-muxer-webm: aa71ff27fc2769a1b78a27578f13a17b -> 
  custom:container-demuxer-webm: 4f35f7cbe854078d1ac9338744f61a02 -> 
  custom:video-encoder-webm-vp8: eb34c28f22e8b96e1ab97ce403110664 -> 
  custom:audio-encoder-webm-vorbis: bf7c407c2cedff20999df2af8eb42d56 -> 
  custom:framework-win-MediaFoundation: 216162199b28c13a410421893ffa2e32 -> 
  custom:container-demuxer-ogg: 62fdf1f143b41e24485cea50d1cbac27 -> 
  custom:video-decoder-webm-vp8: 9c59270c3fd7afecdb556c50c9e8de78 -> 
  custom:audio-decoder-ogg-vorbis: bf7c407c2cedff20999df2af8eb42d56 -> 
========================================================================
Received Import Request.
  Time since last request: 5392.308493 seconds.
  path: Assets/Gonçalo/Grids/Ground.prefab
  artifactKey: Guid(43c3156f2729f38418d76808ae285d43) Importer(815301076,1909f56bfc062723c751e8b465ee728b)
Start importing Assets/Gonçalo/Grids/Ground.prefab using Guid(43c3156f2729f38418d76808ae285d43) Importer(815301076,1909f56bfc062723c751e8b465ee728b)  -> (artifact id: 'ff58408827cbd157dfe90727e46ea5a2') in 0.132566 seconds 
========================================================================
Received Import Request.
  Time since last request: 202.271751 seconds.
  path: Assets/Gonçalo/Grids/Ground.prefab
  artifactKey: Guid(43c3156f2729f38418d76808ae285d43) Importer(815301076,1909f56bfc062723c751e8b465ee728b)
Start importing Assets/Gonçalo/Grids/Ground.prefab using Guid(43c3156f2729f38418d76808ae285d43) Importer(815301076,1909f56bfc062723c751e8b465ee728b)  -> (artifact id: '1087911b735c319536a3e5846cbed9eb') in 0.091974 seconds 
========================================================================
Received Import Request.
  Time since last request: 0.000055 seconds.
  path: Assets/Gonçalo/Grids/outdoors_38.asset
  artifactKey: Guid(69ea081cc37a59545a4c867883ecef8a) Importer(815301076,1909f56bfc062723c751e8b465ee728b)
Start importing Assets/Gonçalo/Grids/outdoors_38.asset using Guid(69ea081cc37a59545a4c867883ecef8a) Importer(815301076,1909f56bfc062723c751e8b465ee728b)  -> (artifact id: '09842970034dab6b7dcac463f04dfd0a') in 0.037441 seconds 
========================================================================
Received Import Request.
  Time since last request: 0.000037 seconds.
  path: Assets/Gonçalo/Grids/outdoors_22.asset
  artifactKey: Guid(3c3dfb5da86530a4b858d22307af5407) Importer(815301076,1909f56bfc062723c751e8b465ee728b)
Start importing Assets/Gonçalo/Grids/outdoors_22.asset using Guid(3c3dfb5da86530a4b858d22307af5407) Importer(815301076,1909f56bfc062723c751e8b465ee728b)  -> (artifact id: '209dbb2afd8d71829ecb39f6f4772e7a') in 0.021470 seconds 
========================================================================
Received Import Request.
  Time since last request: 0.000033 seconds.
  path: Assets/Gonçalo/Grids/outdoors_34.asset
  artifactKey: Guid(2aa2953dd1e15af4d84af888fa0f7fbe) Importer(815301076,1909f56bfc062723c751e8b465ee728b)
Start importing Assets/Gonçalo/Grids/outdoors_34.asset using Guid(2aa2953dd1e15af4d84af888fa0f7fbe) Importer(815301076,1909f56bfc062723c751e8b465ee728b)  -> (artifact id: '10780a8712b9a625605548faf063d4dd') in 0.021185 seconds 
========================================================================
Received Import Request.
  Time since last request: 0.000044 seconds.
  path: Assets/Gonçalo/Grids/outdoors_4.asset
  artifactKey: Guid(93ad81f162f43534fb8024b87351d27f) Importer(815301076,1909f56bfc062723c751e8b465ee728b)
Start importing Assets/Gonçalo/Grids/outdoors_4.asset using Guid(93ad81f162f43534fb8024b87351d27f) Importer(815301076,1909f56bfc062723c751e8b465ee728b)  -> (artifact id: '3fd64477a57a59fcf9c01e5bb5a98c20') in 0.020342 seconds 
========================================================================
Received Import Request.
  Time since last request: 0.000034 seconds.
  path: Assets/Gonçalo/Grids/outdoors_3.asset
  artifactKey: Guid(5a6140d1e15715a488a7e71a86800aa2) Importer(815301076,1909f56bfc062723c751e8b465ee728b)
Start importing Assets/Gonçalo/Grids/outdoors_3.asset using Guid(5a6140d1e15715a488a7e71a86800aa2) Importer(815301076,1909f56bfc062723c751e8b465ee728b)  -> (artifact id: '7d7b5f472baf21497d0b4f792a02dcb8') in 0.017672 seconds 
========================================================================
Received Import Request.
  Time since last request: 0.000044 seconds.
  path: Assets/Gonçalo/Grids/outdoors_17.asset
  artifactKey: Guid(66a6e8e21896a2b48b4d730c295545e6) Importer(815301076,1909f56bfc062723c751e8b465ee728b)
Start importing Assets/Gonçalo/Grids/outdoors_17.asset using Guid(66a6e8e21896a2b48b4d730c295545e6) Importer(815301076,1909f56bfc062723c751e8b465ee728b)  -> (artifact id: 'b6a51b4196d5a268c2ab4db9544eda44') in 0.023563 seconds 
========================================================================
Received Import Request.
  Time since last request: 0.000111 seconds.
  path: Assets/Gonçalo/Grids/outdoors_41.asset
  artifactKey: Guid(b60bdfca90552234bbebc11b1b4f223a) Importer(815301076,1909f56bfc062723c751e8b465ee728b)
Start importing Assets/Gonçalo/Grids/outdoors_41.asset using Guid(b60bdfca90552234bbebc11b1b4f223a) Importer(815301076,1909f56bfc062723c751e8b465ee728b)  -> (artifact id: '9624c2524b3dc3a76ddb5588060dd984') in 0.020373 seconds 
========================================================================
Received Import Request.
  Time since last request: 0.000029 seconds.
  path: Assets/Gonçalo/Grids/outdoors_1.asset
  artifactKey: Guid(37dd2dbe09ccf6f49bf0c7d9d2551cde) Importer(815301076,1909f56bfc062723c751e8b465ee728b)
Start importing Assets/Gonçalo/Grids/outdoors_1.asset using Guid(37dd2dbe09ccf6f49bf0c7d9d2551cde) Importer(815301076,1909f56bfc062723c751e8b465ee728b)  -> (artifact id: 'a2abe6ac7969565991da44e46c2ee6b1') in 0.020466 seconds 
========================================================================
Received Import Request.
  Time since last request: 0.000033 seconds.
  path: Assets/Gonçalo/Grids/outdoors_35.asset
  artifactKey: Guid(1f62d2361e1380b4c9b61874a09799f5) Importer(815301076,1909f56bfc062723c751e8b465ee728b)
Start importing Assets/Gonçalo/Grids/outdoors_35.asset using Guid(1f62d2361e1380b4c9b61874a09799f5) Importer(815301076,1909f56bfc062723c751e8b465ee728b)  -> (artifact id: '45f5844b63a9ed652634a9e1810b98b1') in 0.020491 seconds 
========================================================================
Received Import Request.
  Time since last request: 0.000044 seconds.
  path: Assets/Gonçalo/Grids/outdoors_13.asset
  artifactKey: Guid(d945e3ef026e65c4aa2d0698fdfd7a82) Importer(815301076,1909f56bfc062723c751e8b465ee728b)
Start importing Assets/Gonçalo/Grids/outdoors_13.asset using Guid(d945e3ef026e65c4aa2d0698fdfd7a82) Importer(815301076,1909f56bfc062723c751e8b465ee728b)  -> (artifact id: 'dfa5a54c46cdffdd8811b8ab4fc75437') in 0.020528 seconds 
========================================================================
Received Import Request.
  Time since last request: 0.000061 seconds.
  path: Assets/Gonçalo/Grids/outdoors_23.asset
  artifactKey: Guid(f8429cb0ae21498498a05eac93388a15) Importer(815301076,1909f56bfc062723c751e8b465ee728b)
Start importing Assets/Gonçalo/Grids/outdoors_23.asset using Guid(f8429cb0ae21498498a05eac93388a15) Importer(815301076,1909f56bfc062723c751e8b465ee728b)  -> (artifact id: 'd8506a2c9ac1f0fbeb83da170f30d66a') in 0.023508 seconds 
========================================================================
Received Import Request.
  Time since last request: 0.000041 seconds.
  path: Assets/Gonçalo/Grids/outdoors_39.asset
  artifactKey: Guid(005ec21ab8ee852458d70225a1ebc0a2) Importer(815301076,1909f56bfc062723c751e8b465ee728b)
Start importing Assets/Gonçalo/Grids/outdoors_39.asset using Guid(005ec21ab8ee852458d70225a1ebc0a2) Importer(815301076,1909f56bfc062723c751e8b465ee728b)  -> (artifact id: '62c80a0f007d1c04af6718ec001088aa') in 0.024165 seconds 
========================================================================
Received Import Request.
  Time since last request: 0.000024 seconds.
  path: Assets/Gonçalo/Grids/outdoors_26.asset
  artifactKey: Guid(a66f70efd045a884a8f5aa90850db7a3) Importer(815301076,1909f56bfc062723c751e8b465ee728b)
Start importing Assets/Gonçalo/Grids/outdoors_26.asset using Guid(a66f70efd045a884a8f5aa90850db7a3) Importer(815301076,1909f56bfc062723c751e8b465ee728b)  -> (artifact id: 'e342f58ef21810b1477701407b22f6c6') in 0.020440 seconds 
========================================================================
Received Import Request.
  Time since last request: 0.000030 seconds.
  path: Assets/Gonçalo/Grids/outdoors_31.asset
  artifactKey: Guid(b6fc0a829a18d584ca1e8a157eb4b65f) Importer(815301076,1909f56bfc062723c751e8b465ee728b)
Start importing Assets/Gonçalo/Grids/outdoors_31.asset using Guid(b6fc0a829a18d584ca1e8a157eb4b65f) Importer(815301076,1909f56bfc062723c751e8b465ee728b)  -> (artifact id: 'd289e17ea2225c0306e946ebb7b4bee0') in 0.018854 seconds 
========================================================================
Received Import Request.
  Time since last request: 0.000036 seconds.
  path: Assets/Gonçalo/Grids/outdoors_20.asset
  artifactKey: Guid(e6fea45fb6a3dfe4cb2b97f432c08b35) Importer(815301076,1909f56bfc062723c751e8b465ee728b)
Start importing Assets/Gonçalo/Grids/outdoors_20.asset using Guid(e6fea45fb6a3dfe4cb2b97f432c08b35) Importer(815301076,1909f56bfc062723c751e8b465ee728b)  -> (artifact id: '5f323f8b8ce18a7ebe2e061f320bce7b') in 0.020801 seconds 
========================================================================
Received Import Request.
  Time since last request: 0.000129 seconds.
  path: Assets/Gonçalo/Grids/outdoors_11.asset
  artifactKey: Guid(fbfade01d253cc74fbf6ab288369368a) Importer(815301076,1909f56bfc062723c751e8b465ee728b)
Start importing Assets/Gonçalo/Grids/outdoors_11.asset using Guid(fbfade01d253cc74fbf6ab288369368a) Importer(815301076,1909f56bfc062723c751e8b465ee728b)  -> (artifact id: 'ad5dbebe6b0b65057d3c4db024db99c8') in 0.020516 seconds 
========================================================================
Received Import Request.
  Time since last request: 0.000029 seconds.
  path: Assets/Gonçalo/Grids/outdoors_24.asset
  artifactKey: Guid(89bc9946c4c97b14aa02364ec3b1b828) Importer(815301076,1909f56bfc062723c751e8b465ee728b)
Start importing Assets/Gonçalo/Grids/outdoors_24.asset using Guid(89bc9946c4c97b14aa02364ec3b1b828) Importer(815301076,1909f56bfc062723c751e8b465ee728b)  -> (artifact id: 'e4c4eeab52338018d8c8177ac61b3353') in 0.019294 seconds 
========================================================================
Received Import Request.
  Time since last request: 0.000033 seconds.
  path: Assets/Gonçalo/Grids/outdoors_15.asset
  artifactKey: Guid(55fbb8abb0a965b428da6c1412e1ad0d) Importer(815301076,1909f56bfc062723c751e8b465ee728b)
Start importing Assets/Gonçalo/Grids/outdoors_15.asset using Guid(55fbb8abb0a965b428da6c1412e1ad0d) Importer(815301076,1909f56bfc062723c751e8b465ee728b)  -> (artifact id: '144eec0610f31b9684feef1b3e14981f') in 0.021644 seconds 
========================================================================
Received Import Request.
  Time since last request: 0.000035 seconds.
  path: Assets/Gonçalo/Grids/outdoors_30.asset
  artifactKey: Guid(add20b446e928bd41ba1e763ea673dde) Importer(815301076,1909f56bfc062723c751e8b465ee728b)
Start importing Assets/Gonçalo/Grids/outdoors_30.asset using Guid(add20b446e928bd41ba1e763ea673dde) Importer(815301076,1909f56bfc062723c751e8b465ee728b)  -> (artifact id: '7af82c0beb4cb8253682ae4f8370df86') in 0.021270 seconds 
========================================================================
Received Import Request.
  Time since last request: 0.000035 seconds.
  path: Assets/Gonçalo/Grids/outdoors_25.asset
  artifactKey: Guid(416291278b32f14409881d4461439e0e) Importer(815301076,1909f56bfc062723c751e8b465ee728b)
Start importing Assets/Gonçalo/Grids/outdoors_25.asset using Guid(416291278b32f14409881d4461439e0e) Importer(815301076,1909f56bfc062723c751e8b465ee728b)  -> (artifact id: 'd08b7456850ad451e5391c25a1f81379') in 0.017871 seconds 
========================================================================
Received Import Request.
  Time since last request: 1.599562 seconds.
  path: Assets/Gonçalo/Grids/outdoors_42.asset
  artifactKey: Guid(39187bf0c5880414ea352426de93cb5d) Importer(815301076,1909f56bfc062723c751e8b465ee728b)
Start importing Assets/Gonçalo/Grids/outdoors_42.asset using Guid(39187bf0c5880414ea352426de93cb5d) Importer(815301076,1909f56bfc062723c751e8b465ee728b)  -> (artifact id: 'c4424f20ddfb289a5670e330f7e36d7b') in 0.015377 seconds 
========================================================================
Received Import Request.
  Time since last request: 0.000024 seconds.
  path: Assets/Gonçalo/Grids/outdoors_52.asset
  artifactKey: Guid(017399826340365408967f42fb402810) Importer(815301076,1909f56bfc062723c751e8b465ee728b)
Start importing Assets/Gonçalo/Grids/outdoors_52.asset using Guid(017399826340365408967f42fb402810) Importer(815301076,1909f56bfc062723c751e8b465ee728b)  -> (artifact id: '6e663f902d7cf8c608b23353df9cbc5a') in 0.024132 seconds 
========================================================================
Received Import Request.
  Time since last request: 0.000414 seconds.
  path: Assets/Gonçalo/Grids/outdoors_53.asset
  artifactKey: Guid(b46140fcd49595d42af3dbde42d5b873) Importer(815301076,1909f56bfc062723c751e8b465ee728b)
Start importing Assets/Gonçalo/Grids/outdoors_53.asset using Guid(b46140fcd49595d42af3dbde42d5b873) Importer(815301076,1909f56bfc062723c751e8b465ee728b)  -> (artifact id: '2d6d4c5042c872edc73ee7802d3854a5') in 0.017504 seconds 
========================================================================
Received Import Request.
  Time since last request: 0.000087 seconds.
  path: Assets/Gonçalo/Grids/outdoors_58.asset
  artifactKey: Guid(65b2d8e5541ed0241b328541f3c9fea8) Importer(815301076,1909f56bfc062723c751e8b465ee728b)
Start importing Assets/Gonçalo/Grids/outdoors_58.asset using Guid(65b2d8e5541ed0241b328541f3c9fea8) Importer(815301076,1909f56bfc062723c751e8b465ee728b)  -> (artifact id: 'dbf547470922e8863779080ae608e29b') in 0.018591 seconds 
========================================================================
Received Import Request.
  Time since last request: 0.000042 seconds.
  path: Assets/Gonçalo/Grids/outdoors_67.asset
  artifactKey: Guid(5644b5eb5fb2d15459fd5d7649531910) Importer(815301076,1909f56bfc062723c751e8b465ee728b)
Start importing Assets/Gonçalo/Grids/outdoors_67.asset using Guid(5644b5eb5fb2d15459fd5d7649531910) Importer(815301076,1909f56bfc062723c751e8b465ee728b)  -> (artifact id: '796267c69b1ab3a8c0b2afe68165da8d') in 0.018887 seconds 
========================================================================
Received Import Request.
  Time since last request: 0.000121 seconds.
  path: Assets/Gonçalo/Grids/outdoors_65.asset
  artifactKey: Guid(6f12b00ef49b75a48873501cc59383d0) Importer(815301076,1909f56bfc062723c751e8b465ee728b)
Start importing Assets/Gonçalo/Grids/outdoors_65.asset using Guid(6f12b00ef49b75a48873501cc59383d0) Importer(815301076,1909f56bfc062723c751e8b465ee728b)  -> (artifact id: '4d986839a4f579b8b35863f240908fc9') in 0.018842 seconds 
========================================================================
Received Import Request.
  Time since last request: 0.000033 seconds.
  path: Assets/Gonçalo/Grids/outdoors_75.asset
  artifactKey: Guid(2ad78566d3b71eb4cae1e2d293c91f22) Importer(815301076,1909f56bfc062723c751e8b465ee728b)
Start importing Assets/Gonçalo/Grids/outdoors_75.asset using Guid(2ad78566d3b71eb4cae1e2d293c91f22) Importer(815301076,1909f56bfc062723c751e8b465ee728b)  -> (artifact id: '145c81c7738ee2ce31512116de4b7e51') in 0.018471 seconds 
========================================================================
Received Import Request.
  Time since last request: 0.000036 seconds.
  path: Assets/Gonçalo/Grids/outdoors_80.asset
  artifactKey: Guid(10e8c2bfde771fc49a59f11b791aa8dc) Importer(815301076,1909f56bfc062723c751e8b465ee728b)
Start importing Assets/Gonçalo/Grids/outdoors_80.asset using Guid(10e8c2bfde771fc49a59f11b791aa8dc) Importer(815301076,1909f56bfc062723c751e8b465ee728b)  -> (artifact id: '8caa3469515cb76535e18cf6aa07bc73') in 0.020779 seconds 
========================================================================
Received Import Request.
  Time since last request: 0.000028 seconds.
  path: Assets/Gonçalo/Grids/outdoors_81.asset
  artifactKey: Guid(1521f8ff53ebbd54d91e35ff992a9b2a) Importer(815301076,1909f56bfc062723c751e8b465ee728b)
Start importing Assets/Gonçalo/Grids/outdoors_81.asset using Guid(1521f8ff53ebbd54d91e35ff992a9b2a) Importer(815301076,1909f56bfc062723c751e8b465ee728b)  -> (artifact id: 'bed176f33aa06dd97f7fae6ff16fe732') in 0.018774 seconds 
========================================================================
Received Import Request.
  Time since last request: 0.000047 seconds.
  path: Assets/Gonçalo/Grids/outdoors_57.asset
  artifactKey: Guid(a2aa302cba8a23b409f6fab4ee33d55b) Importer(815301076,1909f56bfc062723c751e8b465ee728b)
Start importing Assets/Gonçalo/Grids/outdoors_57.asset using Guid(a2aa302cba8a23b409f6fab4ee33d55b) Importer(815301076,1909f56bfc062723c751e8b465ee728b)  -> (artifact id: '14c4c5592e37187d6fbfaeb283b06768') in 0.019769 seconds 
========================================================================
Received Import Request.
  Time since last request: 0.000058 seconds.
  path: Assets/Gonçalo/Grids/outdoors_82.asset
  artifactKey: Guid(7c262157c0966334ba379bc6551ae617) Importer(815301076,1909f56bfc062723c751e8b465ee728b)
Start importing Assets/Gonçalo/Grids/outdoors_82.asset using Guid(7c262157c0966334ba379bc6551ae617) Importer(815301076,1909f56bfc062723c751e8b465ee728b)  -> (artifact id: '786e05c4d9fe45435ec576ea03280a6f') in 0.021508 seconds 
========================================================================
Received Import Request.
  Time since last request: 0.000022 seconds.
  path: Assets/Gonçalo/Grids/outdoors_54.asset
  artifactKey: Guid(a587ba334a8528a4ca901cf8a6197366) Importer(815301076,1909f56bfc062723c751e8b465ee728b)
Start importing Assets/Gonçalo/Grids/outdoors_54.asset using Guid(a587ba334a8528a4ca901cf8a6197366) Importer(815301076,1909f56bfc062723c751e8b465ee728b)  -> (artifact id: '30c31b6d82d5c9d042adc4bf8ac1c6f0') in 0.021204 seconds 
========================================================================
Received Import Request.
  Time since last request: 0.000030 seconds.
  path: Assets/Gonçalo/Grids/outdoors_63.asset
  artifactKey: Guid(bfc1acbc99b95074580748143498dfea) Importer(815301076,1909f56bfc062723c751e8b465ee728b)
Start importing Assets/Gonçalo/Grids/outdoors_63.asset using Guid(bfc1acbc99b95074580748143498dfea) Importer(815301076,1909f56bfc062723c751e8b465ee728b)  -> (artifact id: '3a9d7b5d2d76e4bdbc26bdabeb4eefc6') in 0.025157 seconds 
========================================================================
Received Import Request.
  Time since last request: 0.000025 seconds.
  path: Assets/Gonçalo/Grids/outdoors_62.asset
  artifactKey: Guid(1c8cf7151cbab2343b3def4a461941c1) Importer(815301076,1909f56bfc062723c751e8b465ee728b)
Start importing Assets/Gonçalo/Grids/outdoors_62.asset using Guid(1c8cf7151cbab2343b3def4a461941c1) Importer(815301076,1909f56bfc062723c751e8b465ee728b)  -> (artifact id: '15ec3e4ef35c6e85c78c17f68da10cd9') in 0.019520 seconds 
========================================================================
Received Import Request.
  Time since last request: 0.000059 seconds.
  path: Assets/Gonçalo/Grids/outdoors_55.asset
  artifactKey: Guid(c7c10a850a9bb804baf6ee241a56d701) Importer(815301076,1909f56bfc062723c751e8b465ee728b)
Start importing Assets/Gonçalo/Grids/outdoors_55.asset using Guid(c7c10a850a9bb804baf6ee241a56d701) Importer(815301076,1909f56bfc062723c751e8b465ee728b)  -> (artifact id: '2e0bb908fb597137786befecb93d3a4d') in 0.021988 seconds 
========================================================================
Received Import Request.
  Time since last request: 0.000031 seconds.
  path: Assets/Gonçalo/Grids/outdoors_74.asset
  artifactKey: Guid(1648ec15b9ea4ef46a9e8327b5211b6a) Importer(815301076,1909f56bfc062723c751e8b465ee728b)
Start importing Assets/Gonçalo/Grids/outdoors_74.asset using Guid(1648ec15b9ea4ef46a9e8327b5211b6a) Importer(815301076,1909f56bfc062723c751e8b465ee728b)  -> (artifact id: '8eb9c590ea908116a73bdf28d33e9c25') in 0.028688 seconds 
========================================================================
Received Import Request.
  Time since last request: 0.000035 seconds.
  path: Assets/Gonçalo/Grids/outdoors_73.asset
  artifactKey: Guid(987e13926cfb69f409a0d70a60ee7642) Importer(815301076,1909f56bfc062723c751e8b465ee728b)
Start importing Assets/Gonçalo/Grids/outdoors_73.asset using Guid(987e13926cfb69f409a0d70a60ee7642) Importer(815301076,1909f56bfc062723c751e8b465ee728b)  -> (artifact id: '7ec5f177215d12ecfdb4212f901d876e') in 0.022667 seconds 
========================================================================
Received Import Request.
  Time since last request: 0.000029 seconds.
  path: Assets/Gonçalo/Grids/outdoors_68.asset
  artifactKey: Guid(71531d9b5ba5f70418229ea430d6acdc) Importer(815301076,1909f56bfc062723c751e8b465ee728b)
Start importing Assets/Gonçalo/Grids/outdoors_68.asset using Guid(71531d9b5ba5f70418229ea430d6acdc) Importer(815301076,1909f56bfc062723c751e8b465ee728b)  -> (artifact id: '043574d4f3aba4172af5bdec6fb6733a') in 0.022111 seconds 
========================================================================
Received Import Request.
  Time since last request: 0.000033 seconds.
  path: Assets/Gonçalo/Grids/outdoors_71.asset
  artifactKey: Guid(2fd97dc7a66006a4796109905cb194d5) Importer(815301076,1909f56bfc062723c751e8b465ee728b)
Start importing Assets/Gonçalo/Grids/outdoors_71.asset using Guid(2fd97dc7a66006a4796109905cb194d5) Importer(815301076,1909f56bfc062723c751e8b465ee728b)  -> (artifact id: 'fbed1995de837c27b400be6fff742433') in 0.021368 seconds 
========================================================================
Received Import Request.
  Time since last request: 0.000099 seconds.
  path: Assets/Gonçalo/Grids/outdoors_61.asset
  artifactKey: Guid(36d49073cea7f6e468fc675b7ced890a) Importer(815301076,1909f56bfc062723c751e8b465ee728b)
Start importing Assets/Gonçalo/Grids/outdoors_61.asset using Guid(36d49073cea7f6e468fc675b7ced890a) Importer(815301076,1909f56bfc062723c751e8b465ee728b)  -> (artifact id: '7a3366109af931f4a32e11d1b75286c1') in 0.018999 seconds 
========================================================================
Received Import Request.
  Time since last request: 0.000053 seconds.
  path: Assets/Gonçalo/Grids/outdoors_85.asset
  artifactKey: Guid(b919dd6239d29784e95aa25bd1176f93) Importer(815301076,1909f56bfc062723c751e8b465ee728b)
Start importing Assets/Gonçalo/Grids/outdoors_85.asset using Guid(b919dd6239d29784e95aa25bd1176f93) Importer(815301076,1909f56bfc062723c751e8b465ee728b)  -> (artifact id: '0deb4ec5f0b42bf411219fa40a7b0f9c') in 0.021900 seconds 
========================================================================
Received Import Request.
  Time since last request: 0.000027 seconds.
  path: Assets/Gonçalo/Grids/outdoors_46.asset
  artifactKey: Guid(0d379f58c8f486e47872629cf2eaccab) Importer(815301076,1909f56bfc062723c751e8b465ee728b)
Start importing Assets/Gonçalo/Grids/outdoors_46.asset using Guid(0d379f58c8f486e47872629cf2eaccab) Importer(815301076,1909f56bfc062723c751e8b465ee728b)  -> (artifact id: 'b6c97c53d5ea800b52856ca9c6d5cbf8') in 0.021750 seconds 
========================================================================
Received Import Request.
  Time since last request: 17.285190 seconds.
  path: Assets/Gonçalo/Grids/outdoors_86.asset
  artifactKey: Guid(b68a23bbf89604e429676587b41345be) Importer(815301076,1909f56bfc062723c751e8b465ee728b)
Start importing Assets/Gonçalo/Grids/outdoors_86.asset using Guid(b68a23bbf89604e429676587b41345be) Importer(815301076,1909f56bfc062723c751e8b465ee728b)  -> (artifact id: 'adb11b1005efae4c6082709cbee987bb') in 0.022418 seconds 
========================================================================
Received Import Request.
  Time since last request: 0.000026 seconds.
  path: Assets/Gonçalo/Grids/outdoors_88.asset
  artifactKey: Guid(f96e45e731069df4b8933376acec3545) Importer(815301076,1909f56bfc062723c751e8b465ee728b)
Start importing Assets/Gonçalo/Grids/outdoors_88.asset using Guid(f96e45e731069df4b8933376acec3545) Importer(815301076,1909f56bfc062723c751e8b465ee728b)  -> (artifact id: '6b7f1b83e61678370830d0f2048eee63') in 0.016452 seconds 
========================================================================
Received Import Request.
  Time since last request: 0.188142 seconds.
  path: Assets/Gonçalo/Grids/outdoors_89.asset
  artifactKey: Guid(c3615c4464ac1eb43b3f6d1508b70dd0) Importer(815301076,1909f56bfc062723c751e8b465ee728b)
Start importing Assets/Gonçalo/Grids/outdoors_89.asset using Guid(c3615c4464ac1eb43b3f6d1508b70dd0) Importer(815301076,1909f56bfc062723c751e8b465ee728b)  -> (artifact id: '74390631f25e632e6142c2c24f746947') in 0.019493 seconds 
========================================================================
Received Import Request.
  Time since last request: 0.000031 seconds.
  path: Assets/Gonçalo/Grids/outdoors_91.asset
  artifactKey: Guid(d2d8115100f96b54da3d633dc89786d8) Importer(815301076,1909f56bfc062723c751e8b465ee728b)
Start importing Assets/Gonçalo/Grids/outdoors_91.asset using Guid(d2d8115100f96b54da3d633dc89786d8) Importer(815301076,1909f56bfc062723c751e8b465ee728b)  -> (artifact id: '21f3ee01625bcc9907e080682e3cff64') in 0.022580 seconds 
========================================================================
Received Import Request.
  Time since last request: 0.000026 seconds.
  path: Assets/Gonçalo/Grids/outdoors_155.asset
  artifactKey: Guid(da99369bcc8910745bf2cf532dc9d6ca) Importer(815301076,1909f56bfc062723c751e8b465ee728b)
Start importing Assets/Gonçalo/Grids/outdoors_155.asset using Guid(da99369bcc8910745bf2cf532dc9d6ca) Importer(815301076,1909f56bfc062723c751e8b465ee728b)  -> (artifact id: '12c81383675d7255c871914e3f492021') in 0.021830 seconds 
========================================================================
Received Import Request.
  Time since last request: 0.000103 seconds.
  path: Assets/Gonçalo/Grids/outdoors_168.asset
  artifactKey: Guid(1d02fcbbfb3f9f4409ae1e2f877238b4) Importer(815301076,1909f56bfc062723c751e8b465ee728b)
Start importing Assets/Gonçalo/Grids/outdoors_168.asset using Guid(1d02fcbbfb3f9f4409ae1e2f877238b4) Importer(815301076,1909f56bfc062723c751e8b465ee728b)  -> (artifact id: 'e0595a66aeb53d00657e0b6e5b6d7c87') in 0.019985 seconds 
========================================================================
Received Import Request.
  Time since last request: 0.000046 seconds.
  path: Assets/Gonçalo/Grids/outdoors_167.asset
  artifactKey: Guid(c87e341fd27e746478f8795c6b27e062) Importer(815301076,1909f56bfc062723c751e8b465ee728b)
Start importing Assets/Gonçalo/Grids/outdoors_167.asset using Guid(c87e341fd27e746478f8795c6b27e062) Importer(815301076,1909f56bfc062723c751e8b465ee728b)  -> (artifact id: 'f444a2ccf866ef3fb431483f4f00b488') in 0.018684 seconds 
========================================================================
Received Import Request.
  Time since last request: 0.000026 seconds.
  path: Assets/Gonçalo/Grids/outdoors_163.asset
  artifactKey: Guid(8a2ae29935a931f41840787229c1dea3) Importer(815301076,1909f56bfc062723c751e8b465ee728b)
Start importing Assets/Gonçalo/Grids/outdoors_163.asset using Guid(8a2ae29935a931f41840787229c1dea3) Importer(815301076,1909f56bfc062723c751e8b465ee728b)  -> (artifact id: '3e21a49f5cc93998a434775e3df5377b') in 0.020828 seconds 
========================================================================
Received Import Request.
  Time since last request: 0.000033 seconds.
  path: Assets/Gonçalo/Grids/outdoors_185.asset
  artifactKey: Guid(eb182f44071eb5e4eb4c15a03810f110) Importer(815301076,1909f56bfc062723c751e8b465ee728b)
Start importing Assets/Gonçalo/Grids/outdoors_185.asset using Guid(eb182f44071eb5e4eb4c15a03810f110) Importer(815301076,1909f56bfc062723c751e8b465ee728b)  -> (artifact id: 'eb41f0cd3179e59413e081f93732ef05') in 0.021368 seconds 
========================================================================
Received Import Request.
  Time since last request: 0.000024 seconds.
  path: Assets/Gonçalo/Grids/outdoors_186.asset
  artifactKey: Guid(af3dfe9e2a9779943955627313597e62) Importer(815301076,1909f56bfc062723c751e8b465ee728b)
Start importing Assets/Gonçalo/Grids/outdoors_186.asset using Guid(af3dfe9e2a9779943955627313597e62) Importer(815301076,1909f56bfc062723c751e8b465ee728b)  -> (artifact id: 'e36010ab7bc86cc47c6868cf7dcc54e9') in 0.100008 seconds 
========================================================================
Received Import Request.
  Time since last request: 0.000036 seconds.
  path: Assets/Gonçalo/Grids/outdoors_164.asset
  artifactKey: Guid(a04ec523011361b448882c133283f151) Importer(815301076,1909f56bfc062723c751e8b465ee728b)
Start importing Assets/Gonçalo/Grids/outdoors_164.asset using Guid(a04ec523011361b448882c133283f151) Importer(815301076,1909f56bfc062723c751e8b465ee728b)  -> (artifact id: '8a746018fa4017e1d6ff6bd629ac0e35') in 0.021165 seconds 
========================================================================
Received Import Request.
  Time since last request: 0.000046 seconds.
  path: Assets/Gonçalo/Grids/outdoors_174.asset
  artifactKey: Guid(575abf9035005bc49b3ae087bfcf355b) Importer(815301076,1909f56bfc062723c751e8b465ee728b)
Start importing Assets/Gonçalo/Grids/outdoors_174.asset using Guid(575abf9035005bc49b3ae087bfcf355b) Importer(815301076,1909f56bfc062723c751e8b465ee728b)  -> (artifact id: '260a233c63b572cfcfccbe0810397b56') in 0.019735 seconds 
========================================================================
Received Import Request.
  Time since last request: 0.000038 seconds.
  path: Assets/Gonçalo/Grids/outdoors_176.asset
  artifactKey: Guid(fe0bd7e18ea632949937712714353de4) Importer(815301076,1909f56bfc062723c751e8b465ee728b)
Start importing Assets/Gonçalo/Grids/outdoors_176.asset using Guid(fe0bd7e18ea632949937712714353de4) Importer(815301076,1909f56bfc062723c751e8b465ee728b)  -> (artifact id: '30926b9e40a1b10a3dd84db96e3de3c4') in 0.023513 seconds 
========================================================================
Received Import Request.
  Time since last request: 0.000036 seconds.
  path: Assets/Gonçalo/Grids/outdoors_101.asset
  artifactKey: Guid(d1b2d01fe1a510e42a4ff125f8a7dba8) Importer(815301076,1909f56bfc062723c751e8b465ee728b)
Start importing Assets/Gonçalo/Grids/outdoors_101.asset using Guid(d1b2d01fe1a510e42a4ff125f8a7dba8) Importer(815301076,1909f56bfc062723c751e8b465ee728b)  -> (artifact id: '5297f4d077033a72d1ffaf73e9f35610') in 0.020406 seconds 
========================================================================
Received Import Request.
  Time since last request: 0.000048 seconds.
  path: Assets/Gonçalo/Grids/outdoors_196.asset
  artifactKey: Guid(7215f504497e9d346af430bf87cdb72c) Importer(815301076,1909f56bfc062723c751e8b465ee728b)
Start importing Assets/Gonçalo/Grids/outdoors_196.asset using Guid(7215f504497e9d346af430bf87cdb72c) Importer(815301076,1909f56bfc062723c751e8b465ee728b)  -> (artifact id: 'd2faa5dad58ce2a52a7797be919842f1') in 0.020899 seconds 
========================================================================
Received Import Request.
  Time since last request: 0.000034 seconds.
  path: Assets/Gonçalo/Grids/outdoors_193.asset
  artifactKey: Guid(8b06a83acca9ed74ebdca2f430d46b95) Importer(815301076,1909f56bfc062723c751e8b465ee728b)
Start importing Assets/Gonçalo/Grids/outdoors_193.asset using Guid(8b06a83acca9ed74ebdca2f430d46b95) Importer(815301076,1909f56bfc062723c751e8b465ee728b)  -> (artifact id: '5bff5e84c9073c74302c733287613dee') in 0.021116 seconds 
========================================================================
Received Import Request.
  Time since last request: 0.000028 seconds.
  path: Assets/Gonçalo/Grids/outdoors_171.asset
  artifactKey: Guid(8a4b6bc3111a9f7429d86865bd627cd7) Importer(815301076,1909f56bfc062723c751e8b465ee728b)
Start importing Assets/Gonçalo/Grids/outdoors_171.asset using Guid(8a4b6bc3111a9f7429d86865bd627cd7) Importer(815301076,1909f56bfc062723c751e8b465ee728b)  -> (artifact id: '103fc9054568bdfd07a8beb3487e0ddf') in 0.019416 seconds 
========================================================================
Received Import Request.
  Time since last request: 0.000034 seconds.
  path: Assets/Gonçalo/Grids/outdoors_169.asset
  artifactKey: Guid(58e912b515d211744a1fa85a0033ef59) Importer(815301076,1909f56bfc062723c751e8b465ee728b)
Start importing Assets/Gonçalo/Grids/outdoors_169.asset using Guid(58e912b515d211744a1fa85a0033ef59) Importer(815301076,1909f56bfc062723c751e8b465ee728b)  -> (artifact id: '6d525b6db0272af0159ca69d24701960') in 0.021310 seconds 
========================================================================
Received Import Request.
  Time since last request: 0.000036 seconds.
  path: Assets/Gonçalo/Grids/outdoors_166.asset
  artifactKey: Guid(1d468f2b0cd5370428acd59be4565589) Importer(815301076,1909f56bfc062723c751e8b465ee728b)
Start importing Assets/Gonçalo/Grids/outdoors_166.asset using Guid(1d468f2b0cd5370428acd59be4565589) Importer(815301076,1909f56bfc062723c751e8b465ee728b)  -> (artifact id: '193d7545c85c52c2f048026fb25d9124') in 0.020244 seconds 
========================================================================
Received Import Request.
  Time since last request: 0.000078 seconds.
  path: Assets/Gonçalo/Grids/outdoors_100.asset
  artifactKey: Guid(b73c0c12b6421e3429795bf4cc253380) Importer(815301076,1909f56bfc062723c751e8b465ee728b)
Start importing Assets/Gonçalo/Grids/outdoors_100.asset using Guid(b73c0c12b6421e3429795bf4cc253380) Importer(815301076,1909f56bfc062723c751e8b465ee728b)  -> (artifact id: '5845fb2cf64ab5f9ce507183ed5b5c7f') in 0.020541 seconds 
========================================================================
Received Import Request.
  Time since last request: 0.000042 seconds.
  path: Assets/Gonçalo/Grids/outdoors_189.asset
  artifactKey: Guid(a86a73f54be835e4bad9a0fb226af255) Importer(815301076,1909f56bfc062723c751e8b465ee728b)
Start importing Assets/Gonçalo/Grids/outdoors_189.asset using Guid(a86a73f54be835e4bad9a0fb226af255) Importer(815301076,1909f56bfc062723c751e8b465ee728b)  -> (artifact id: '26836e145bfb0d0dd3469564c1582e67') in 0.021045 seconds 
========================================================================
Received Import Request.
  Time since last request: 0.000047 seconds.
  path: Assets/Gonçalo/Grids/outdoors_109.asset
  artifactKey: Guid(636c9fd7417af3c47bc592e195eccdfb) Importer(815301076,1909f56bfc062723c751e8b465ee728b)
Start importing Assets/Gonçalo/Grids/outdoors_109.asset using Guid(636c9fd7417af3c47bc592e195eccdfb) Importer(815301076,1909f56bfc062723c751e8b465ee728b)  -> (artifact id: '87bfa68bb635be4e0d5d91be11523eeb') in 0.020018 seconds 
========================================================================
Received Import Request.
  Time since last request: 0.000027 seconds.
  path: Assets/Gonçalo/Grids/outdoors_178.asset
  artifactKey: Guid(9f4b2410cd210fa4088f5b9daeea5bab) Importer(815301076,1909f56bfc062723c751e8b465ee728b)
Start importing Assets/Gonçalo/Grids/outdoors_178.asset using Guid(9f4b2410cd210fa4088f5b9daeea5bab) Importer(815301076,1909f56bfc062723c751e8b465ee728b)  -> (artifact id: '7ff47293e7d2ce93642adfca8f4310e7') in 0.021216 seconds 
========================================================================
Received Import Request.
  Time since last request: 0.000029 seconds.
  path: Assets/Gonçalo/Grids/outdoors_183.asset
  artifactKey: Guid(262363f0c4716614e998e142e84ce527) Importer(815301076,1909f56bfc062723c751e8b465ee728b)
Start importing Assets/Gonçalo/Grids/outdoors_183.asset using Guid(262363f0c4716614e998e142e84ce527) Importer(815301076,1909f56bfc062723c751e8b465ee728b)  -> (artifact id: 'aa291d4af575c789afc166dba7648948') in 0.019367 seconds 
========================================================================
Received Import Request.
  Time since last request: 0.000058 seconds.
  path: Assets/Gonçalo/Grids/outdoors_180.asset
  artifactKey: Guid(77a4958565727a044a3be845033064ae) Importer(815301076,1909f56bfc062723c751e8b465ee728b)
Start importing Assets/Gonçalo/Grids/outdoors_180.asset using Guid(77a4958565727a044a3be845033064ae) Importer(815301076,1909f56bfc062723c751e8b465ee728b)  -> (artifact id: 'c62f71ae4a36cabbc4c34510f03987f6') in 0.021991 seconds 
========================================================================
Received Import Request.
  Time since last request: 0.000045 seconds.
  path: Assets/Gonçalo/Grids/outdoors_154.asset
  artifactKey: Guid(f482716dc9cca8742a123dca1a0313be) Importer(815301076,1909f56bfc062723c751e8b465ee728b)
Start importing Assets/Gonçalo/Grids/outdoors_154.asset using Guid(f482716dc9cca8742a123dca1a0313be) Importer(815301076,1909f56bfc062723c751e8b465ee728b)  -> (artifact id: '276c4fd2b78dcf0033cd7056220771c7') in 0.023330 seconds 
========================================================================
Received Import Request.
  Time since last request: 0.000056 seconds.
  path: Assets/Gonçalo/Grids/outdoors_156.asset
  artifactKey: Guid(637f99aa5af88604bb47cb012088f060) Importer(815301076,1909f56bfc062723c751e8b465ee728b)
Start importing Assets/Gonçalo/Grids/outdoors_156.asset using Guid(637f99aa5af88604bb47cb012088f060) Importer(815301076,1909f56bfc062723c751e8b465ee728b)  -> (artifact id: 'a28a745b32d1d8e87324973749addded') in 0.025115 seconds 
========================================================================
Received Import Request.
  Time since last request: 0.000063 seconds.
  path: Assets/Gonçalo/Grids/outdoors_187.asset
  artifactKey: Guid(3b258276a31f0334cb2ff859e664574c) Importer(815301076,1909f56bfc062723c751e8b465ee728b)
Start importing Assets/Gonçalo/Grids/outdoors_187.asset using Guid(3b258276a31f0334cb2ff859e664574c) Importer(815301076,1909f56bfc062723c751e8b465ee728b)  -> (artifact id: 'fa9a761aabe71f6b176aae25f73fa52d') in 0.023853 seconds 
========================================================================
Received Import Request.
  Time since last request: 0.000042 seconds.
  path: Assets/Gonçalo/Grids/outdoors_165.asset
  artifactKey: Guid(1679b473a6094fd4c948ad8a39c503d3) Importer(815301076,1909f56bfc062723c751e8b465ee728b)
Start importing Assets/Gonçalo/Grids/outdoors_165.asset using Guid(1679b473a6094fd4c948ad8a39c503d3) Importer(815301076,1909f56bfc062723c751e8b465ee728b)  -> (artifact id: 'edf0b1c4174a1394ef5d08726850e9ea') in 0.024264 seconds 
========================================================================
Received Import Request.
  Time since last request: 0.000047 seconds.
  path: Assets/Gonçalo/Grids/outdoors_197.asset
  artifactKey: Guid(cae7fadca1a802048aad0308394eac46) Importer(815301076,1909f56bfc062723c751e8b465ee728b)
Start importing Assets/Gonçalo/Grids/outdoors_197.asset using Guid(cae7fadca1a802048aad0308394eac46) Importer(815301076,1909f56bfc062723c751e8b465ee728b)  -> (artifact id: 'f4189460f8b6d942e5e1694fa74c38d0') in 0.017527 seconds 
========================================================================
Received Import Request.
  Time since last request: 138.718116 seconds.
  path: ProjectSettings/TagManager.asset
  artifactKey: Guid(00000000000000003000000000000000) Importer(815301076,1909f56bfc062723c751e8b465ee728b)
Start importing ProjectSettings/TagManager.asset using Guid(00000000000000003000000000000000) Importer(815301076,1909f56bfc062723c751e8b465ee728b)  -> (artifact id: '49103ddb131dee35ba8759c97ba2dd04') in 0.007692 seconds 
========================================================================
Received Import Request.
  Time since last request: 65.181218 seconds.
  path: Assets/Gonçalo/Tile Palette/BackGround.prefab
  artifactKey: Guid(3304c8e2df8853b4ba46d2cf65d82551) Importer(815301076,1909f56bfc062723c751e8b465ee728b)
Start importing Assets/Gonçalo/Tile Palette/BackGround.prefab using Guid(3304c8e2df8853b4ba46d2cf65d82551) Importer(815301076,1909f56bfc062723c751e8b465ee728b)  -> (artifact id: '00ec4a7c0ee739a8471874eecd63e5de') in 0.083888 seconds 
