Using pre-set license
Built from '2021.3/staging' branch; Version is '2021.3.15f1 (e8e88683f834) revision 15263878'; Using compiler version '192829333'; Build Type 'Release'
OS: 'Windows 10  (10.0.19044) 64bit Core' Language: 'en' Physical Memory: 8072 MB
BatchMode: 1, IsHumanControllingUs: 0, StartBugReporterOnCrash: 0, Is64bit: 1, IsPro: 1

COMMAND LINE ARGUMENTS:
C:\Program Files\Unity\Hub\Editor\2021.3.15f1\Editor\Unity.exe
-adb2
-batchMode
-noUpm
-name
AssetImportWorker1
-projectPath
C:/Users/cruzm/OneDrive/Ambiente de Trabalho/IPCA/CEV/The-Will-To-Survive
-logFile
Logs/AssetImportWorker1.log
-srvPort
53303
Successfully changed project path to: C:/Users/cruzm/OneDrive/Ambiente de Trabalho/IPCA/CEV/The-Will-To-Survive
C:/Users/cruzm/OneDrive/Ambiente de Trabalho/IPCA/CEV/The-Will-To-Survive
[UnityMemory] Configuration Parameters - Can be set up in boot.config
    "memorysetup-bucket-allocator-granularity=16"
    "memorysetup-bucket-allocator-bucket-count=8"
    "memorysetup-bucket-allocator-block-size=33554432"
    "memorysetup-bucket-allocator-block-count=8"
    "memorysetup-main-allocator-block-size=16777216"
    "memorysetup-thread-allocator-block-size=16777216"
    "memorysetup-gfx-main-allocator-block-size=16777216"
    "memorysetup-gfx-thread-allocator-block-size=16777216"
    "memorysetup-cache-allocator-block-size=4194304"
    "memorysetup-typetree-allocator-block-size=2097152"
    "memorysetup-profiler-bucket-allocator-granularity=16"
    "memorysetup-profiler-bucket-allocator-bucket-count=8"
    "memorysetup-profiler-bucket-allocator-block-size=33554432"
    "memorysetup-profiler-bucket-allocator-block-count=8"
    "memorysetup-profiler-allocator-block-size=16777216"
    "memorysetup-profiler-editor-allocator-block-size=1048576"
    "memorysetup-temp-allocator-size-main=16777216"
    "memorysetup-job-temp-allocator-block-size=2097152"
    "memorysetup-job-temp-allocator-block-size-background=1048576"
    "memorysetup-job-temp-allocator-reduction-small-platforms=262144"
    "memorysetup-temp-allocator-size-background-worker=32768"
    "memorysetup-temp-allocator-size-job-worker=262144"
    "memorysetup-temp-allocator-size-preload-manager=33554432"
    "memorysetup-temp-allocator-size-nav-mesh-worker=65536"
    "memorysetup-temp-allocator-size-audio-worker=65536"
    "memorysetup-temp-allocator-size-cloud-worker=32768"
    "memorysetup-temp-allocator-size-gi-baking-worker=262144"
    "memorysetup-temp-allocator-size-gfx=262144"
Player connection [8736] Host "[IP] 192.168.1.70 [Port] 0 [Flags] 2 [Guid] 1649287965 [EditorId] 1649287965 [Version] 1048832 [Id] WindowsEditor(7,DESKTOP-7K8CKTQ) [Debug] 1 [PackageName] WindowsEditor [ProjectName] Editor" joined multi-casting on [225.0.0.222:54997]...

Player connection [8736] Host "[IP] 192.168.1.70 [Port] 0 [Flags] 2 [Guid] 1649287965 [EditorId] 1649287965 [Version] 1048832 [Id] WindowsEditor(7,DESKTOP-7K8CKTQ) [Debug] 1 [PackageName] WindowsEditor [ProjectName] Editor" joined alternative multi-casting on [225.0.0.222:34997]...

Refreshing native plugins compatible for Editor in 105.30 ms, found 3 plugins.
Preloading 0 native plugins for Editor in 0.00 ms.
Initialize engine version: 2021.3.15f1 (e8e88683f834)
[Subsystems] Discovering subsystems at path C:/Program Files/Unity/Hub/Editor/2021.3.15f1/Editor/Data/Resources/UnitySubsystems
[Subsystems] Discovering subsystems at path C:/Users/cruzm/OneDrive/Ambiente de Trabalho/IPCA/CEV/The-Will-To-Survive/Assets
GfxDevice: creating device client; threaded=0; jobified=0
Direct3D:
    Version:  Direct3D 11.0 [level 11.1]
    Renderer: NVIDIA GeForce GTX 1650 (ID=0x1f91)
    Vendor:   NVIDIA
    VRAM:     3962 MB
    Driver:   27.21.14.5749
Initialize mono
Mono path[0] = 'C:/Program Files/Unity/Hub/Editor/2021.3.15f1/Editor/Data/Managed'
Mono path[1] = 'C:/Program Files/Unity/Hub/Editor/2021.3.15f1/Editor/Data/MonoBleedingEdge/lib/mono/unityjit-win32'
Mono config path = 'C:/Program Files/Unity/Hub/Editor/2021.3.15f1/Editor/Data/MonoBleedingEdge/etc'
Using monoOptions --debugger-agent=transport=dt_socket,embedding=1,server=y,suspend=n,address=127.0.0.1:56460
Begin MonoManager ReloadAssembly
Registering precompiled unity dll's ...
Register platform support module: C:/Program Files/Unity/Hub/Editor/2021.3.15f1/Editor/Data/PlaybackEngines/WebGLSupport/UnityEditor.WebGL.Extensions.dll
Register platform support module: C:/Program Files/Unity/Hub/Editor/2021.3.15f1/Editor/Data/PlaybackEngines/WindowsStandaloneSupport/UnityEditor.WindowsStandalone.Extensions.dll
Registered in 0.010851 seconds.
Native extension for WindowsStandalone target not found
Native extension for WebGL target not found
Refreshing native plugins compatible for Editor in 102.86 ms, found 3 plugins.
Preloading 0 native plugins for Editor in 0.00 ms.
Mono: successfully reloaded assembly
- Completed reload, in  0.832 seconds
Domain Reload Profiling:
	ReloadAssembly (833ms)
		BeginReloadAssembly (93ms)
			ExecutionOrderSort (0ms)
			DisableScriptedObjects (0ms)
			BackupInstance (0ms)
			ReleaseScriptingObjects (0ms)
			CreateAndSetChildDomain (1ms)
		EndReloadAssembly (602ms)
			LoadAssemblies (91ms)
			RebuildTransferFunctionScriptingTraits (0ms)
			SetupTypeCache (135ms)
			ReleaseScriptCaches (0ms)
			RebuildScriptCaches (35ms)
			SetupLoadedEditorAssemblies (373ms)
				LogAssemblyErrors (0ms)
				InitializePlatformSupportModulesInManaged (11ms)
				SetLoadedEditorAssemblies (0ms)
				RefreshPlugins (103ms)
				BeforeProcessingInitializeOnLoad (2ms)
				ProcessInitializeOnLoadAttributes (201ms)
				ProcessInitializeOnLoadMethodAttributes (57ms)
				AfterProcessingInitializeOnLoad (0ms)
				EditorAssembliesLoaded (0ms)
			ExecutionOrderSort2 (0ms)
			AwakeInstancesAfterBackupRestoration (0ms)
Platform modules already initialized, skipping
Registering precompiled user dll's ...
Registered in 0.008190 seconds.
Begin MonoManager ReloadAssembly
Symbol file LoadedFromMemory doesn't match image C:\Users\cruzm\OneDrive\Ambiente de Trabalho\IPCA\CEV\The-Will-To-Survive\Library\PackageCache\com.unity.visualscripting@1.7.8\Editor\VisualScripting.Core\Dependencies\YamlDotNet\Unity.VisualScripting.YamlDotNet.dll
Symbol file LoadedFromMemory doesn't match image C:\Users\cruzm\OneDrive\Ambiente de Trabalho\IPCA\CEV\The-Will-To-Survive\Library\PackageCache\com.unity.visualscripting@1.7.8\Editor\VisualScripting.Core\Dependencies\DotNetZip\Unity.VisualScripting.IonicZip.dll
Native extension for WindowsStandalone target not found
Native extension for WebGL target not found
Refreshing native plugins compatible for Editor in 0.84 ms, found 3 plugins.
Preloading 0 native plugins for Editor in 0.00 ms.
Mono: successfully reloaded assembly
- Completed reload, in  1.464 seconds
Domain Reload Profiling:
	ReloadAssembly (1465ms)
		BeginReloadAssembly (177ms)
			ExecutionOrderSort (0ms)
			DisableScriptedObjects (10ms)
			BackupInstance (0ms)
			ReleaseScriptingObjects (0ms)
			CreateAndSetChildDomain (33ms)
		EndReloadAssembly (1134ms)
			LoadAssemblies (124ms)
			RebuildTransferFunctionScriptingTraits (0ms)
			SetupTypeCache (283ms)
			ReleaseScriptCaches (1ms)
			RebuildScriptCaches (54ms)
			SetupLoadedEditorAssemblies (633ms)
				LogAssemblyErrors (0ms)
				InitializePlatformSupportModulesInManaged (9ms)
				SetLoadedEditorAssemblies (1ms)
				RefreshPlugins (1ms)
				BeforeProcessingInitializeOnLoad (127ms)
				ProcessInitializeOnLoadAttributes (447ms)
				ProcessInitializeOnLoadMethodAttributes (32ms)
				AfterProcessingInitializeOnLoad (16ms)
				EditorAssembliesLoaded (0ms)
			ExecutionOrderSort2 (0ms)
			AwakeInstancesAfterBackupRestoration (13ms)
Platform modules already initialized, skipping
========================================================================
Worker process is ready to serve import requests
Launched and connected shader compiler UnityShaderCompiler.exe after 0.10 seconds
Refreshing native plugins compatible for Editor in 1.07 ms, found 3 plugins.
Preloading 0 native plugins for Editor in 0.00 ms.
Unloading 3230 Unused Serialized files (Serialized files now loaded: 0)
Unloading 25 unused Assets / (87.6 KB). Loaded Objects now: 3688.
Memory consumption went from 111.0 MB to 110.9 MB.
Total: 6.880000 ms (FindLiveObjects: 0.422200 ms CreateObjectMapping: 0.351300 ms MarkObjects: 5.949900 ms  DeleteObjects: 0.154900 ms)

AssetImportParameters requested are different than current active one (requested -> active):
  custom:video-decoder-ogg-theora: a1e56fd34408186e4bbccfd4996cb3dc -> 
  custom:container-muxer-webm: aa71ff27fc2769a1b78a27578f13a17b -> 
  custom:container-demuxer-webm: 4f35f7cbe854078d1ac9338744f61a02 -> 
  custom:video-encoder-webm-vp8: eb34c28f22e8b96e1ab97ce403110664 -> 
  custom:audio-encoder-webm-vorbis: bf7c407c2cedff20999df2af8eb42d56 -> 
  custom:framework-win-MediaFoundation: 216162199b28c13a410421893ffa2e32 -> 
  custom:container-demuxer-ogg: 62fdf1f143b41e24485cea50d1cbac27 -> 
  custom:video-decoder-webm-vp8: 9c59270c3fd7afecdb556c50c9e8de78 -> 
  custom:audio-decoder-ogg-vorbis: bf7c407c2cedff20999df2af8eb42d56 -> 
========================================================================
Received Import Request.
  Time since last request: 292.826463 seconds.
  path: Assets/gbisf/outdoors_2.asset
  artifactKey: Guid(3838485fa68e7ca4dbaa17ec03f929d3) Importer(815301076,1909f56bfc062723c751e8b465ee728b)
Start importing Assets/gbisf/outdoors_2.asset using Guid(3838485fa68e7ca4dbaa17ec03f929d3) Importer(815301076,1909f56bfc062723c751e8b465ee728b)  -> (artifact id: '1cc8679f55cd68a9ed420b6e97750e3a') in 0.163024 seconds 
========================================================================
Received Import Request.
  Time since last request: 0.000030 seconds.
  path: Assets/gbisf/outdoors_6 1.asset
  artifactKey: Guid(914737457bbe8314da9842b971a730dc) Importer(815301076,1909f56bfc062723c751e8b465ee728b)
Start importing Assets/gbisf/outdoors_6 1.asset using Guid(914737457bbe8314da9842b971a730dc) Importer(815301076,1909f56bfc062723c751e8b465ee728b)  -> (artifact id: '47880f9490a8dad4874455b2dd55060c') in 0.031064 seconds 
========================================================================
Received Import Request.
  Time since last request: 0.000118 seconds.
  path: Assets/gbisf/outdoors_6.asset
  artifactKey: Guid(043b8d85671de7a418bcb52affbca463) Importer(815301076,1909f56bfc062723c751e8b465ee728b)
Start importing Assets/gbisf/outdoors_6.asset using Guid(043b8d85671de7a418bcb52affbca463) Importer(815301076,1909f56bfc062723c751e8b465ee728b)  -> (artifact id: '5231e8952dcfba186963920b8454cb71') in 0.031384 seconds 
========================================================================
Received Import Request.
  Time since last request: 0.000065 seconds.
  path: Assets/gbisf/outdoors_14 1.asset
  artifactKey: Guid(ce1ed055ae726044fa1d9270b4755eda) Importer(815301076,1909f56bfc062723c751e8b465ee728b)
Start importing Assets/gbisf/outdoors_14 1.asset using Guid(ce1ed055ae726044fa1d9270b4755eda) Importer(815301076,1909f56bfc062723c751e8b465ee728b)  -> (artifact id: '8d14f268d3d8c1f4c1a6d2a6a43360ea') in 0.038019 seconds 
========================================================================
Received Import Request.
  Time since last request: 0.000031 seconds.
  path: Assets/gbisf/outdoors_8 1.asset
  artifactKey: Guid(96cfd37df2aab3245b22cd384c9ae299) Importer(815301076,1909f56bfc062723c751e8b465ee728b)
Start importing Assets/gbisf/outdoors_8 1.asset using Guid(96cfd37df2aab3245b22cd384c9ae299) Importer(815301076,1909f56bfc062723c751e8b465ee728b)  -> (artifact id: 'eb3e2b39853db8c2a3bc9f5a2888b791') in 0.033744 seconds 
========================================================================
Received Import Request.
  Time since last request: 0.000052 seconds.
  path: Assets/gbisf/outdoors_7 1.asset
  artifactKey: Guid(fb5e0bf0728bd554ab3ab08ec6e51f31) Importer(815301076,1909f56bfc062723c751e8b465ee728b)
Start importing Assets/gbisf/outdoors_7 1.asset using Guid(fb5e0bf0728bd554ab3ab08ec6e51f31) Importer(815301076,1909f56bfc062723c751e8b465ee728b)  -> (artifact id: '3438eaa3eb6c6b8878ff0bb9398144a8') in 0.044112 seconds 
========================================================================
Received Import Request.
  Time since last request: 0.000044 seconds.
  path: Assets/gbisf/outdoors_10.asset
  artifactKey: Guid(576f24bd539341d4bbf8bc5b4b4defb4) Importer(815301076,1909f56bfc062723c751e8b465ee728b)
Start importing Assets/gbisf/outdoors_10.asset using Guid(576f24bd539341d4bbf8bc5b4b4defb4) Importer(815301076,1909f56bfc062723c751e8b465ee728b)  -> (artifact id: 'de7b9e629454756bdf56241e9d61525b') in 0.029164 seconds 
========================================================================
Received Import Request.
  Time since last request: 0.000042 seconds.
  path: Assets/gbisf/outdoors_13.asset
  artifactKey: Guid(a0e4f869cb00eb741b587c5b14ddba45) Importer(815301076,1909f56bfc062723c751e8b465ee728b)
Start importing Assets/gbisf/outdoors_13.asset using Guid(a0e4f869cb00eb741b587c5b14ddba45) Importer(815301076,1909f56bfc062723c751e8b465ee728b)  -> (artifact id: '176faf8a97cb6e3890b1fd5de02d92d1') in 0.019733 seconds 
========================================================================
Received Import Request.
  Time since last request: 0.000043 seconds.
  path: Assets/gbisf/outdoors_9.asset
  artifactKey: Guid(8693b8ff84e7dac4297bf95d918e705c) Importer(815301076,1909f56bfc062723c751e8b465ee728b)
Start importing Assets/gbisf/outdoors_9.asset using Guid(8693b8ff84e7dac4297bf95d918e705c) Importer(815301076,1909f56bfc062723c751e8b465ee728b)  -> (artifact id: '7d85d8563c3079387fd4e773118796a3') in 0.020183 seconds 
========================================================================
Received Import Request.
  Time since last request: 0.000063 seconds.
  path: Assets/gbisf/outdoors_16.asset
  artifactKey: Guid(2e20fa7c3fc7e914eaf8d9b135810472) Importer(815301076,1909f56bfc062723c751e8b465ee728b)
Start importing Assets/gbisf/outdoors_16.asset using Guid(2e20fa7c3fc7e914eaf8d9b135810472) Importer(815301076,1909f56bfc062723c751e8b465ee728b)  -> (artifact id: 'f2d6c433625ae91d75318722f8d1aab8') in 0.062213 seconds 
========================================================================
Received Import Request.
  Time since last request: 0.000037 seconds.
  path: Assets/gbisf/outdoors_0 1.asset
  artifactKey: Guid(e85485074a8ceb347b7d384d64b9adaf) Importer(815301076,1909f56bfc062723c751e8b465ee728b)
Start importing Assets/gbisf/outdoors_0 1.asset using Guid(e85485074a8ceb347b7d384d64b9adaf) Importer(815301076,1909f56bfc062723c751e8b465ee728b)  -> (artifact id: '8953ef9fb6a7fcbc100086d6e5f05a26') in 0.031653 seconds 
========================================================================
Received Import Request.
  Time since last request: 0.000083 seconds.
  path: Assets/gbisf/outdoors_18 1.asset
  artifactKey: Guid(d6f6401be6044cf459e04bac0824238a) Importer(815301076,1909f56bfc062723c751e8b465ee728b)
Start importing Assets/gbisf/outdoors_18 1.asset using Guid(d6f6401be6044cf459e04bac0824238a) Importer(815301076,1909f56bfc062723c751e8b465ee728b)  -> (artifact id: '729daa3c9296498d27eccba393a238de') in 0.029023 seconds 
========================================================================
Received Import Request.
  Time since last request: 0.000049 seconds.
  path: Assets/gbisf/outdoors_22.asset
  artifactKey: Guid(b506cc5f84751224faa3d9f33574e422) Importer(815301076,1909f56bfc062723c751e8b465ee728b)
Start importing Assets/gbisf/outdoors_22.asset using Guid(b506cc5f84751224faa3d9f33574e422) Importer(815301076,1909f56bfc062723c751e8b465ee728b)  -> (artifact id: '0d9bade5d1d7a2ad1d5c9869af6651d5') in 0.017364 seconds 
========================================================================
Received Import Request.
  Time since last request: 0.000040 seconds.
  path: Assets/gbisf/outdoors_11 1.asset
  artifactKey: Guid(1d0bc6bba6991364692d672b862c13c7) Importer(815301076,1909f56bfc062723c751e8b465ee728b)
Start importing Assets/gbisf/outdoors_11 1.asset using Guid(1d0bc6bba6991364692d672b862c13c7) Importer(815301076,1909f56bfc062723c751e8b465ee728b)  -> (artifact id: 'e7e03f4dbfc0a147ed8d0ab5f8aa2fc6') in 0.030537 seconds 
========================================================================
Received Import Request.
  Time since last request: 0.000220 seconds.
  path: Assets/gbisf/outdoors_18.asset
  artifactKey: Guid(02630541eedf139408fb4cfbc8bf4a55) Importer(815301076,1909f56bfc062723c751e8b465ee728b)
Start importing Assets/gbisf/outdoors_18.asset using Guid(02630541eedf139408fb4cfbc8bf4a55) Importer(815301076,1909f56bfc062723c751e8b465ee728b)  -> (artifact id: 'b2ea40b9c75c2731fdbc43aef08feb06') in 0.032395 seconds 
========================================================================
Received Import Request.
  Time since last request: 0.000122 seconds.
  path: Assets/gbisf/outdoors_20 1.asset
  artifactKey: Guid(ddb2a47519db2df47b7ee90aea121561) Importer(815301076,1909f56bfc062723c751e8b465ee728b)
Start importing Assets/gbisf/outdoors_20 1.asset using Guid(ddb2a47519db2df47b7ee90aea121561) Importer(815301076,1909f56bfc062723c751e8b465ee728b)  -> (artifact id: 'c888f7ca0a7324339419a447287529d1') in 0.028715 seconds 
========================================================================
Received Import Request.
  Time since last request: 0.000032 seconds.
  path: Assets/gbisf/outdoors_17 1.asset
  artifactKey: Guid(4be6f5c2ae8c0034d9c96e1d3f0c8351) Importer(815301076,1909f56bfc062723c751e8b465ee728b)
Start importing Assets/gbisf/outdoors_17 1.asset using Guid(4be6f5c2ae8c0034d9c96e1d3f0c8351) Importer(815301076,1909f56bfc062723c751e8b465ee728b)  -> (artifact id: 'c9ff9081fb2a7a3e5b8309dec41129cc') in 0.026705 seconds 
========================================================================
Received Import Request.
  Time since last request: 0.000041 seconds.
  path: Assets/gbisf/outdoors_17.asset
  artifactKey: Guid(9c35f9bd486598b43b08049b9849a5f6) Importer(815301076,1909f56bfc062723c751e8b465ee728b)
Start importing Assets/gbisf/outdoors_17.asset using Guid(9c35f9bd486598b43b08049b9849a5f6) Importer(815301076,1909f56bfc062723c751e8b465ee728b)  -> (artifact id: 'f10ab91395fee50844065dec88744cff') in 0.021279 seconds 
========================================================================
Received Import Request.
  Time since last request: 0.000047 seconds.
  path: Assets/gbisf/outdoors.png
  artifactKey: Guid(01ecab2558ca7e648aede945b688aa83) Importer(815301076,1909f56bfc062723c751e8b465ee728b)
Start importing Assets/gbisf/outdoors.png using Guid(01ecab2558ca7e648aede945b688aa83) Importer(815301076,1909f56bfc062723c751e8b465ee728b)  -> (artifact id: '385b4ddf5930c71af1d541177031a16c') in 0.686193 seconds 
========================================================================
Received Import Request.
  Time since last request: 12.250135 seconds.
  path: Assets/gbisf/outdoors_25.asset
  artifactKey: Guid(646567f110ca7cc47a4ae976dcaf48d5) Importer(815301076,1909f56bfc062723c751e8b465ee728b)
Start importing Assets/gbisf/outdoors_25.asset using Guid(646567f110ca7cc47a4ae976dcaf48d5) Importer(815301076,1909f56bfc062723c751e8b465ee728b)  -> (artifact id: '0245bcd30fbd81915b6f0923fd68318c') in 0.016708 seconds 
========================================================================
Received Import Request.
  Time since last request: 0.000024 seconds.
  path: Assets/gbisf/outdoors_33 1.asset
  artifactKey: Guid(81d686fd34e4a3048abdf6948a795878) Importer(815301076,1909f56bfc062723c751e8b465ee728b)
Start importing Assets/gbisf/outdoors_33 1.asset using Guid(81d686fd34e4a3048abdf6948a795878) Importer(815301076,1909f56bfc062723c751e8b465ee728b)  -> (artifact id: '8495d707415b0d994d1e74a9f6730126') in 0.024136 seconds 
========================================================================
Received Import Request.
  Time since last request: 0.000032 seconds.
  path: Assets/gbisf/outdoors_30 1.asset
  artifactKey: Guid(e87e8b1b38a9d6c4682f06642b51736f) Importer(815301076,1909f56bfc062723c751e8b465ee728b)
Start importing Assets/gbisf/outdoors_30 1.asset using Guid(e87e8b1b38a9d6c4682f06642b51736f) Importer(815301076,1909f56bfc062723c751e8b465ee728b)  -> (artifact id: 'a9232f6a1fa9b7af7bb849cbff9b156a') in 0.021882 seconds 
========================================================================
Received Import Request.
  Time since last request: 0.000031 seconds.
  path: Assets/gbisf/outdoors_38.asset
  artifactKey: Guid(94c3a102ef54253409c5ba38ebd7b5d7) Importer(815301076,1909f56bfc062723c751e8b465ee728b)
Start importing Assets/gbisf/outdoors_38.asset using Guid(94c3a102ef54253409c5ba38ebd7b5d7) Importer(815301076,1909f56bfc062723c751e8b465ee728b)  -> (artifact id: 'fe3a4ee9d69225a356d906656104dbcd') in 0.021376 seconds 
========================================================================
Received Import Request.
  Time since last request: 0.000029 seconds.
  path: Assets/gbisf/outdoors_44 1.asset
  artifactKey: Guid(62cb4c0e269e0064ba2927501f58e587) Importer(815301076,1909f56bfc062723c751e8b465ee728b)
Start importing Assets/gbisf/outdoors_44 1.asset using Guid(62cb4c0e269e0064ba2927501f58e587) Importer(815301076,1909f56bfc062723c751e8b465ee728b)  -> (artifact id: '14adb328a5120308ebc9dfd76dad7115') in 0.023066 seconds 
========================================================================
Received Import Request.
  Time since last request: 0.000042 seconds.
  path: Assets/gbisf/outdoors_50 1.asset
  artifactKey: Guid(5be189b9c1edeae4ebbcd53a344155f3) Importer(815301076,1909f56bfc062723c751e8b465ee728b)
Start importing Assets/gbisf/outdoors_50 1.asset using Guid(5be189b9c1edeae4ebbcd53a344155f3) Importer(815301076,1909f56bfc062723c751e8b465ee728b)  -> (artifact id: 'ba4ac7fad52ad68076528d4daf2e3db6') in 0.022560 seconds 
========================================================================
Received Import Request.
  Time since last request: 0.000063 seconds.
  path: Assets/gbisf/outdoors_52 1.asset
  artifactKey: Guid(66ac8b906d8c76b4b88cbe165d577e1f) Importer(815301076,1909f56bfc062723c751e8b465ee728b)
Start importing Assets/gbisf/outdoors_52 1.asset using Guid(66ac8b906d8c76b4b88cbe165d577e1f) Importer(815301076,1909f56bfc062723c751e8b465ee728b)  -> (artifact id: 'ae3056bc47bb295faa1e40081effdcb9') in 0.020508 seconds 
========================================================================
Received Import Request.
  Time since last request: 0.000137 seconds.
  path: Assets/gbisf/outdoors_38 1.asset
  artifactKey: Guid(84e4a9f94e5e1d942bfc8221fa8fbccc) Importer(815301076,1909f56bfc062723c751e8b465ee728b)
Start importing Assets/gbisf/outdoors_38 1.asset using Guid(84e4a9f94e5e1d942bfc8221fa8fbccc) Importer(815301076,1909f56bfc062723c751e8b465ee728b)  -> (artifact id: 'a3d5debb740094295639ce2214b839fc') in 0.019621 seconds 
========================================================================
Received Import Request.
  Time since last request: 0.000036 seconds.
  path: Assets/gbisf/outdoors_45 1.asset
  artifactKey: Guid(ff4b71b023cc44c42a16e5bfd248701f) Importer(815301076,1909f56bfc062723c751e8b465ee728b)
Start importing Assets/gbisf/outdoors_45 1.asset using Guid(ff4b71b023cc44c42a16e5bfd248701f) Importer(815301076,1909f56bfc062723c751e8b465ee728b)  -> (artifact id: '723dde2be9e4f7ef7e3f5622d89b9576') in 0.024289 seconds 
========================================================================
Received Import Request.
  Time since last request: 0.000048 seconds.
  path: Assets/gbisf/outdoors_26.asset
  artifactKey: Guid(22006319ce489594d8c917a4334881d1) Importer(815301076,1909f56bfc062723c751e8b465ee728b)
Start importing Assets/gbisf/outdoors_26.asset using Guid(22006319ce489594d8c917a4334881d1) Importer(815301076,1909f56bfc062723c751e8b465ee728b)  -> (artifact id: 'f340440610c162a53e1ccab6ebc7a1f2') in 0.022644 seconds 
========================================================================
Received Import Request.
  Time since last request: 0.000047 seconds.
  path: Assets/gbisf/outdoors_42.asset
  artifactKey: Guid(41b339a05c1fe16408263121f384149a) Importer(815301076,1909f56bfc062723c751e8b465ee728b)
Start importing Assets/gbisf/outdoors_42.asset using Guid(41b339a05c1fe16408263121f384149a) Importer(815301076,1909f56bfc062723c751e8b465ee728b)  -> (artifact id: '40ff2802fe7181e96959b05ee95231c5') in 0.019852 seconds 
========================================================================
Received Import Request.
  Time since last request: 0.000139 seconds.
  path: Assets/gbisf/outdoors_47.asset
  artifactKey: Guid(5506f1bcc11b75a4cb4f306f3624b39b) Importer(815301076,1909f56bfc062723c751e8b465ee728b)
Start importing Assets/gbisf/outdoors_47.asset using Guid(5506f1bcc11b75a4cb4f306f3624b39b) Importer(815301076,1909f56bfc062723c751e8b465ee728b)  -> (artifact id: 'fc94cd0b59f3d247bab34d8451748c4f') in 0.019696 seconds 
========================================================================
Received Import Request.
  Time since last request: 0.000035 seconds.
  path: Assets/gbisf/outdoors_40 1.asset
  artifactKey: Guid(c8b755f120f8c964da386fc75d26d097) Importer(815301076,1909f56bfc062723c751e8b465ee728b)
Start importing Assets/gbisf/outdoors_40 1.asset using Guid(c8b755f120f8c964da386fc75d26d097) Importer(815301076,1909f56bfc062723c751e8b465ee728b)  -> (artifact id: '7e2eb550e1b0dffaad9f9b7a26e260b0') in 0.022503 seconds 
========================================================================
Received Import Request.
  Time since last request: 0.000023 seconds.
  path: Assets/gbisf/outdoors_42 1.asset
  artifactKey: Guid(70259abecda775b4d8a9c62b726856ba) Importer(815301076,1909f56bfc062723c751e8b465ee728b)
Start importing Assets/gbisf/outdoors_42 1.asset using Guid(70259abecda775b4d8a9c62b726856ba) Importer(815301076,1909f56bfc062723c751e8b465ee728b)  -> (artifact id: '1280d0550c70ff2db60a4529d791f50c') in 0.024072 seconds 
========================================================================
Received Import Request.
  Time since last request: 0.000027 seconds.
  path: Assets/gbisf/outdoors_49.asset
  artifactKey: Guid(af4704e8590a10b41bd272052a31652d) Importer(815301076,1909f56bfc062723c751e8b465ee728b)
Start importing Assets/gbisf/outdoors_49.asset using Guid(af4704e8590a10b41bd272052a31652d) Importer(815301076,1909f56bfc062723c751e8b465ee728b)  -> (artifact id: '0f9b6115333efbc9e8f772c7f2c4430a') in 0.022566 seconds 
========================================================================
Received Import Request.
  Time since last request: 0.000045 seconds.
  path: Assets/gbisf/outdoors_54.asset
  artifactKey: Guid(453c28a4360d35244b8456266877ab94) Importer(815301076,1909f56bfc062723c751e8b465ee728b)
Start importing Assets/gbisf/outdoors_54.asset using Guid(453c28a4360d35244b8456266877ab94) Importer(815301076,1909f56bfc062723c751e8b465ee728b)  -> (artifact id: '8f41fc17e195c76ee9aa6fb8d666eef3') in 0.021691 seconds 
========================================================================
Received Import Request.
  Time since last request: 0.000022 seconds.
  path: Assets/gbisf/outdoors_67.asset
  artifactKey: Guid(a5c5abcf832204548aae447db0a88435) Importer(815301076,1909f56bfc062723c751e8b465ee728b)
Start importing Assets/gbisf/outdoors_67.asset using Guid(a5c5abcf832204548aae447db0a88435) Importer(815301076,1909f56bfc062723c751e8b465ee728b)  -> (artifact id: '5eac57947fc1580d78aa14bd1c04cb3b') in 0.020543 seconds 
========================================================================
Received Import Request.
  Time since last request: 0.000038 seconds.
  path: Assets/gbisf/outdoors_70.asset
  artifactKey: Guid(293de486c0113b44fb7001b5ed98bda3) Importer(815301076,1909f56bfc062723c751e8b465ee728b)
Start importing Assets/gbisf/outdoors_70.asset using Guid(293de486c0113b44fb7001b5ed98bda3) Importer(815301076,1909f56bfc062723c751e8b465ee728b)  -> (artifact id: 'd3aa04c8fa991be38a79c46522813f03') in 0.024680 seconds 
========================================================================
Received Import Request.
  Time since last request: 0.000023 seconds.
  path: Assets/gbisf/outdoors_76 1.asset
  artifactKey: Guid(f29f4b3106dfa244ab442368ad32a32e) Importer(815301076,1909f56bfc062723c751e8b465ee728b)
Start importing Assets/gbisf/outdoors_76 1.asset using Guid(f29f4b3106dfa244ab442368ad32a32e) Importer(815301076,1909f56bfc062723c751e8b465ee728b)  -> (artifact id: 'e5a20fa02fa597f08ebb01c658481042') in 0.024825 seconds 
========================================================================
Received Import Request.
  Time since last request: 0.000024 seconds.
  path: Assets/gbisf/outdoors_57 1.asset
  artifactKey: Guid(beb5dc5afa79bf34598511b3d30d2904) Importer(815301076,1909f56bfc062723c751e8b465ee728b)
Start importing Assets/gbisf/outdoors_57 1.asset using Guid(beb5dc5afa79bf34598511b3d30d2904) Importer(815301076,1909f56bfc062723c751e8b465ee728b)  -> (artifact id: 'ba8f613c00feb8f86acf9e846243cba2') in 0.023410 seconds 
========================================================================
Received Import Request.
  Time since last request: 0.000025 seconds.
  path: Assets/gbisf/outdoors_61 1.asset
  artifactKey: Guid(2f044e09e81b1524586a05d03c8bd326) Importer(815301076,1909f56bfc062723c751e8b465ee728b)
Start importing Assets/gbisf/outdoors_61 1.asset using Guid(2f044e09e81b1524586a05d03c8bd326) Importer(815301076,1909f56bfc062723c751e8b465ee728b)  -> (artifact id: '03a922e30b4a86e8ab59409795136934') in 0.021967 seconds 
========================================================================
Received Import Request.
  Time since last request: 0.000033 seconds.
  path: Assets/gbisf/outdoors_65 1.asset
  artifactKey: Guid(365f29d6d37785740ae573ff8ee01386) Importer(815301076,1909f56bfc062723c751e8b465ee728b)
Start importing Assets/gbisf/outdoors_65 1.asset using Guid(365f29d6d37785740ae573ff8ee01386) Importer(815301076,1909f56bfc062723c751e8b465ee728b)  -> (artifact id: 'ae4fde2e090040ccbf53aa0897662de8') in 0.020645 seconds 
========================================================================
Received Import Request.
  Time since last request: 0.000078 seconds.
  path: Assets/gbisf/outdoors_69 1.asset
  artifactKey: Guid(c50a972a7fdb0f84f8dc32fcaa56098f) Importer(815301076,1909f56bfc062723c751e8b465ee728b)
Start importing Assets/gbisf/outdoors_69 1.asset using Guid(c50a972a7fdb0f84f8dc32fcaa56098f) Importer(815301076,1909f56bfc062723c751e8b465ee728b)  -> (artifact id: '96ff6003bc0b3760c1e902fa2eac5f1a') in 0.022053 seconds 
========================================================================
Received Import Request.
  Time since last request: 0.000040 seconds.
  path: Assets/gbisf/outdoors_78.asset
  artifactKey: Guid(5d340b1454380474ca7ccbdfa06428c4) Importer(815301076,1909f56bfc062723c751e8b465ee728b)
Start importing Assets/gbisf/outdoors_78.asset using Guid(5d340b1454380474ca7ccbdfa06428c4) Importer(815301076,1909f56bfc062723c751e8b465ee728b)  -> (artifact id: '2297360b7aa6524c51b3ace6350abb6c') in 0.023138 seconds 
========================================================================
Received Import Request.
  Time since last request: 0.000035 seconds.
  path: Assets/gbisf/outdoors_73.asset
  artifactKey: Guid(4f49e703dea4a0544aa92a020fc15bd2) Importer(815301076,1909f56bfc062723c751e8b465ee728b)
Start importing Assets/gbisf/outdoors_73.asset using Guid(4f49e703dea4a0544aa92a020fc15bd2) Importer(815301076,1909f56bfc062723c751e8b465ee728b)  -> (artifact id: '93df4faf75a308957d11eb3e8049fe0a') in 0.020386 seconds 
========================================================================
Received Import Request.
  Time since last request: 0.000025 seconds.
  path: Assets/gbisf/outdoors_48.asset
  artifactKey: Guid(49b1a87d4e5a4874b8b5ce7926d88927) Importer(815301076,1909f56bfc062723c751e8b465ee728b)
Start importing Assets/gbisf/outdoors_48.asset using Guid(49b1a87d4e5a4874b8b5ce7926d88927) Importer(815301076,1909f56bfc062723c751e8b465ee728b)  -> (artifact id: 'eb1f162f01d78c6b6738e0a4d86d0d11') in 0.020065 seconds 
========================================================================
Received Import Request.
  Time since last request: 0.000037 seconds.
  path: Assets/gbisf/outdoors_76.asset
  artifactKey: Guid(8265fd1db8750864d8d191aee3c299c6) Importer(815301076,1909f56bfc062723c751e8b465ee728b)
Start importing Assets/gbisf/outdoors_76.asset using Guid(8265fd1db8750864d8d191aee3c299c6) Importer(815301076,1909f56bfc062723c751e8b465ee728b)  -> (artifact id: '2291277738309e579c9ce046a850ea34') in 0.018698 seconds 
========================================================================
Received Import Request.
  Time since last request: 0.000109 seconds.
  path: Assets/gbisf/outdoors_59 1.asset
  artifactKey: Guid(3c31a157689cfdf42875f9de03b96295) Importer(815301076,1909f56bfc062723c751e8b465ee728b)
Start importing Assets/gbisf/outdoors_59 1.asset using Guid(3c31a157689cfdf42875f9de03b96295) Importer(815301076,1909f56bfc062723c751e8b465ee728b)  -> (artifact id: '2519b60d4975ad7a8b31d73b4daf51ef') in 0.025534 seconds 
========================================================================
Received Import Request.
  Time since last request: 0.000039 seconds.
  path: Assets/gbisf/outdoors_83 1.asset
  artifactKey: Guid(77aa6795405881c4c878d9400d1b3e68) Importer(815301076,1909f56bfc062723c751e8b465ee728b)
Start importing Assets/gbisf/outdoors_83 1.asset using Guid(77aa6795405881c4c878d9400d1b3e68) Importer(815301076,1909f56bfc062723c751e8b465ee728b)  -> (artifact id: '473e6a643759ea561f3ea3012c8edf8e') in 0.024928 seconds 
========================================================================
Received Import Request.
  Time since last request: 0.000029 seconds.
  path: Assets/gbisf/outdoors_89.asset
  artifactKey: Guid(e32092675b47f744a88857a0f3fd78ce) Importer(815301076,1909f56bfc062723c751e8b465ee728b)
Start importing Assets/gbisf/outdoors_89.asset using Guid(e32092675b47f744a88857a0f3fd78ce) Importer(815301076,1909f56bfc062723c751e8b465ee728b)  -> (artifact id: 'c7957a89a1b1132f7fe928158554da3b') in 0.033971 seconds 
========================================================================
Received Import Request.
  Time since last request: 0.000046 seconds.
  path: Assets/gbisf/outdoors_99 1.asset
  artifactKey: Guid(1b1d4a6be31afe048a174efafc495b67) Importer(815301076,1909f56bfc062723c751e8b465ee728b)
Start importing Assets/gbisf/outdoors_99 1.asset using Guid(1b1d4a6be31afe048a174efafc495b67) Importer(815301076,1909f56bfc062723c751e8b465ee728b)  -> (artifact id: 'ae52f26a6c7917811bcd653774dd6a95') in 0.033620 seconds 
========================================================================
Received Import Request.
  Time since last request: 0.000053 seconds.
  path: Assets/gbisf/outdoors_99.asset
  artifactKey: Guid(db1c21e911bc5f946a265bf71eeb2381) Importer(815301076,1909f56bfc062723c751e8b465ee728b)
Start importing Assets/gbisf/outdoors_99.asset using Guid(db1c21e911bc5f946a265bf71eeb2381) Importer(815301076,1909f56bfc062723c751e8b465ee728b)  -> (artifact id: '9d552227943ba97bc2fa032659a9fc1a') in 0.032512 seconds 
========================================================================
Received Import Request.
  Time since last request: 0.000043 seconds.
  path: Assets/gbisf/outdoors_97 1.asset
  artifactKey: Guid(2ec086707b8aeb04c9cb06c788fe821c) Importer(815301076,1909f56bfc062723c751e8b465ee728b)
Start importing Assets/gbisf/outdoors_97 1.asset using Guid(2ec086707b8aeb04c9cb06c788fe821c) Importer(815301076,1909f56bfc062723c751e8b465ee728b)  -> (artifact id: '8bf3f4ed5a49704a3e7465c34e9a3aab') in 0.035234 seconds 
========================================================================
Received Import Request.
  Time since last request: 0.000043 seconds.
  path: Assets/gbisf/outdoors_28.asset
  artifactKey: Guid(dd25b441e8c2de0448b93d9b1ce934ba) Importer(815301076,1909f56bfc062723c751e8b465ee728b)
Start importing Assets/gbisf/outdoors_28.asset using Guid(dd25b441e8c2de0448b93d9b1ce934ba) Importer(815301076,1909f56bfc062723c751e8b465ee728b)  -> (artifact id: '91c9b7181f862af91a217024b5a49d41') in 0.035584 seconds 
========================================================================
Received Import Request.
  Time since last request: 0.000097 seconds.
  path: Assets/gbisf/outdoors_30.asset
  artifactKey: Guid(a03c41eec1d9a54419b2c8130c6cae13) Importer(815301076,1909f56bfc062723c751e8b465ee728b)
Start importing Assets/gbisf/outdoors_30.asset using Guid(a03c41eec1d9a54419b2c8130c6cae13) Importer(815301076,1909f56bfc062723c751e8b465ee728b)  -> (artifact id: '96f787db5d08748fc3b824724b0f9870') in 0.034251 seconds 
========================================================================
Received Import Request.
  Time since last request: 0.000065 seconds.
  path: Assets/gbisf/outdoors_67 1.asset
  artifactKey: Guid(4b48ec1fe803c9946a1b0e3abcefe24c) Importer(815301076,1909f56bfc062723c751e8b465ee728b)
Start importing Assets/gbisf/outdoors_67 1.asset using Guid(4b48ec1fe803c9946a1b0e3abcefe24c) Importer(815301076,1909f56bfc062723c751e8b465ee728b)  -> (artifact id: 'f3d75b338432bd26a5bc49775d9e7bde') in 0.039434 seconds 
========================================================================
Received Import Request.
  Time since last request: 0.000107 seconds.
  path: Assets/gbisf/outdoors_59.asset
  artifactKey: Guid(5bb9f3c5c7d95d34f9db73424198afc8) Importer(815301076,1909f56bfc062723c751e8b465ee728b)
Start importing Assets/gbisf/outdoors_59.asset using Guid(5bb9f3c5c7d95d34f9db73424198afc8) Importer(815301076,1909f56bfc062723c751e8b465ee728b)  -> (artifact id: 'd51a7e0d86af5ed1a467ae3b3d52dd50') in 0.026252 seconds 
========================================================================
Received Import Request.
  Time since last request: 0.000072 seconds.
  path: Assets/gbisf/outdoors_111 1.asset
  artifactKey: Guid(d186add654495f3409d8a8ada146056d) Importer(815301076,1909f56bfc062723c751e8b465ee728b)
Start importing Assets/gbisf/outdoors_111 1.asset using Guid(d186add654495f3409d8a8ada146056d) Importer(815301076,1909f56bfc062723c751e8b465ee728b)  -> (artifact id: '4646a20e306e60dddcba0739dca9a55d') in 0.018615 seconds 
========================================================================
Received Import Request.
  Time since last request: 0.000103 seconds.
  path: Assets/gbisf/outdoors_126.asset
  artifactKey: Guid(a2f3ce6a6a696b14c9fd54fbb9b0343f) Importer(815301076,1909f56bfc062723c751e8b465ee728b)
Start importing Assets/gbisf/outdoors_126.asset using Guid(a2f3ce6a6a696b14c9fd54fbb9b0343f) Importer(815301076,1909f56bfc062723c751e8b465ee728b)  -> (artifact id: '4f508152e2f975814c3bc957031e2fa4') in 0.020026 seconds 
========================================================================
Received Import Request.
  Time since last request: 0.000041 seconds.
  path: Assets/gbisf/outdoors_138 1.asset
  artifactKey: Guid(962ebe6087e612f4aba2206c6bc79463) Importer(815301076,1909f56bfc062723c751e8b465ee728b)
Start importing Assets/gbisf/outdoors_138 1.asset using Guid(962ebe6087e612f4aba2206c6bc79463) Importer(815301076,1909f56bfc062723c751e8b465ee728b)  -> (artifact id: '0ef386ff06f21c57e464a2d91ecc2dfd') in 0.020261 seconds 
========================================================================
Received Import Request.
  Time since last request: 0.000033 seconds.
  path: Assets/gbisf/outdoors_136.asset
  artifactKey: Guid(d58d0392efaff35438521818496588fc) Importer(815301076,1909f56bfc062723c751e8b465ee728b)
Start importing Assets/gbisf/outdoors_136.asset using Guid(d58d0392efaff35438521818496588fc) Importer(815301076,1909f56bfc062723c751e8b465ee728b)  -> (artifact id: '07291e13fc9c3eaf3c86eb0c3bc09aaf') in 0.020534 seconds 
========================================================================
Received Import Request.
  Time since last request: 0.000227 seconds.
  path: Assets/gbisf/outdoors_105.asset
  artifactKey: Guid(259390f46250f114a945dde76292d179) Importer(815301076,1909f56bfc062723c751e8b465ee728b)
Start importing Assets/gbisf/outdoors_105.asset using Guid(259390f46250f114a945dde76292d179) Importer(815301076,1909f56bfc062723c751e8b465ee728b)  -> (artifact id: 'd07ff4bde636606a45b53846158be4df') in 0.020625 seconds 
========================================================================
Received Import Request.
  Time since last request: 0.000018 seconds.
  path: Assets/gbisf/outdoors_127 1.asset
  artifactKey: Guid(5bff95035490ddf4187c6a3a95ee7949) Importer(815301076,1909f56bfc062723c751e8b465ee728b)
Start importing Assets/gbisf/outdoors_127 1.asset using Guid(5bff95035490ddf4187c6a3a95ee7949) Importer(815301076,1909f56bfc062723c751e8b465ee728b)  -> (artifact id: '06c46e9e616e79776629e9c95923d1f1') in 0.021318 seconds 
========================================================================
Received Import Request.
  Time since last request: 0.000049 seconds.
  path: Assets/gbisf/outdoors_115 1.asset
  artifactKey: Guid(ee506a2ae2bb86b42b57a4f2f50da99e) Importer(815301076,1909f56bfc062723c751e8b465ee728b)
Start importing Assets/gbisf/outdoors_115 1.asset using Guid(ee506a2ae2bb86b42b57a4f2f50da99e) Importer(815301076,1909f56bfc062723c751e8b465ee728b)  -> (artifact id: '29b49f4e6aa8dea213c5477653439e57') in 0.021261 seconds 
========================================================================
Received Import Request.
  Time since last request: 0.000044 seconds.
  path: Assets/gbisf/outdoors_112.asset
  artifactKey: Guid(ccf69bd525e37c74dabdcd8466842566) Importer(815301076,1909f56bfc062723c751e8b465ee728b)
Start importing Assets/gbisf/outdoors_112.asset using Guid(ccf69bd525e37c74dabdcd8466842566) Importer(815301076,1909f56bfc062723c751e8b465ee728b)  -> (artifact id: '3d4114dd7705c552033c72f2f1c22101') in 0.024494 seconds 
========================================================================
Received Import Request.
  Time since last request: 0.000034 seconds.
  path: Assets/gbisf/outdoors_122 1.asset
  artifactKey: Guid(031b5616c04bd0a4287d9b89b33ce530) Importer(815301076,1909f56bfc062723c751e8b465ee728b)
Start importing Assets/gbisf/outdoors_122 1.asset using Guid(031b5616c04bd0a4287d9b89b33ce530) Importer(815301076,1909f56bfc062723c751e8b465ee728b)  -> (artifact id: '91b1dfc09a708797bbdd2beff4caccf4') in 0.025813 seconds 
========================================================================
Received Import Request.
  Time since last request: 0.000038 seconds.
  path: Assets/gbisf/outdoors_118.asset
  artifactKey: Guid(23f2271545882384da188592ab410a8c) Importer(815301076,1909f56bfc062723c751e8b465ee728b)
Start importing Assets/gbisf/outdoors_118.asset using Guid(23f2271545882384da188592ab410a8c) Importer(815301076,1909f56bfc062723c751e8b465ee728b)  -> (artifact id: '38c55a508e643ecd7993717278d12fdd') in 0.020771 seconds 
========================================================================
Received Import Request.
  Time since last request: 0.000018 seconds.
  path: Assets/gbisf/outdoors_138.asset
  artifactKey: Guid(1d8cdb82285b5a744be6029213d3ea4e) Importer(815301076,1909f56bfc062723c751e8b465ee728b)
Start importing Assets/gbisf/outdoors_138.asset using Guid(1d8cdb82285b5a744be6029213d3ea4e) Importer(815301076,1909f56bfc062723c751e8b465ee728b)  -> (artifact id: '16f5872483da95070edd37a1dba9c710') in 0.024401 seconds 
========================================================================
Received Import Request.
  Time since last request: 0.000061 seconds.
  path: Assets/gbisf/outdoors_103.asset
  artifactKey: Guid(43cb682b70fa9c44d8d847f24116347b) Importer(815301076,1909f56bfc062723c751e8b465ee728b)
Start importing Assets/gbisf/outdoors_103.asset using Guid(43cb682b70fa9c44d8d847f24116347b) Importer(815301076,1909f56bfc062723c751e8b465ee728b)  -> (artifact id: 'fc0e2d844fb5cff5756ceee9c1bd0efb') in 0.020488 seconds 
========================================================================
Received Import Request.
  Time since last request: 0.000075 seconds.
  path: Assets/gbisf/outdoors_128 1.asset
  artifactKey: Guid(8bc82d9f94124964eb76445de574bacd) Importer(815301076,1909f56bfc062723c751e8b465ee728b)
Start importing Assets/gbisf/outdoors_128 1.asset using Guid(8bc82d9f94124964eb76445de574bacd) Importer(815301076,1909f56bfc062723c751e8b465ee728b)  -> (artifact id: '50694da39b250923b5fde4fe592c209b') in 0.021169 seconds 
========================================================================
Received Import Request.
  Time since last request: 0.000019 seconds.
  path: Assets/gbisf/outdoors_103 1.asset
  artifactKey: Guid(80b621bc164d9e04a9a34358df60fa22) Importer(815301076,1909f56bfc062723c751e8b465ee728b)
Start importing Assets/gbisf/outdoors_103 1.asset using Guid(80b621bc164d9e04a9a34358df60fa22) Importer(815301076,1909f56bfc062723c751e8b465ee728b)  -> (artifact id: 'b95ee87fb143b57fda8c80f870ca8cfd') in 0.019934 seconds 
========================================================================
Received Import Request.
  Time since last request: 0.000029 seconds.
  path: Assets/gbisf/outdoors_55.asset
  artifactKey: Guid(96458064d9e9d4a49b82433b4f6c206c) Importer(815301076,1909f56bfc062723c751e8b465ee728b)
Start importing Assets/gbisf/outdoors_55.asset using Guid(96458064d9e9d4a49b82433b4f6c206c) Importer(815301076,1909f56bfc062723c751e8b465ee728b)  -> (artifact id: '0156796c3b9a788f501d14787cdfae35') in 0.018909 seconds 
========================================================================
Received Import Request.
  Time since last request: 0.000049 seconds.
  path: Assets/gbisf/outdoors_168 1.asset
  artifactKey: Guid(94e1d5b0d99d2374aab4b8343aac2b03) Importer(815301076,1909f56bfc062723c751e8b465ee728b)
Start importing Assets/gbisf/outdoors_168 1.asset using Guid(94e1d5b0d99d2374aab4b8343aac2b03) Importer(815301076,1909f56bfc062723c751e8b465ee728b)  -> (artifact id: '979b623ef8898c565d31e5148e1a13e1') in 0.020896 seconds 
========================================================================
Received Import Request.
  Time since last request: 0.000029 seconds.
  path: Assets/gbisf/outdoors_180.asset
  artifactKey: Guid(e576627d2da7066428f5efdfa66e553f) Importer(815301076,1909f56bfc062723c751e8b465ee728b)
Start importing Assets/gbisf/outdoors_180.asset using Guid(e576627d2da7066428f5efdfa66e553f) Importer(815301076,1909f56bfc062723c751e8b465ee728b)  -> (artifact id: 'f172a068ad578f1d3316e304b0eaf784') in 0.019594 seconds 
========================================================================
Received Import Request.
  Time since last request: 0.000045 seconds.
  path: Assets/gbisf/outdoors_26 1.asset
  artifactKey: Guid(b40bc8ef558f9f54396c728fe775060f) Importer(815301076,1909f56bfc062723c751e8b465ee728b)
Start importing Assets/gbisf/outdoors_26 1.asset using Guid(b40bc8ef558f9f54396c728fe775060f) Importer(815301076,1909f56bfc062723c751e8b465ee728b)  -> (artifact id: '8221d67b727226335cbd49317acda53c') in 0.020812 seconds 
========================================================================
Received Import Request.
  Time since last request: 0.000058 seconds.
  path: Assets/gbisf/outdoors_131.asset
  artifactKey: Guid(2dbd5a61d9b61cb4d8708fe10e113e9d) Importer(815301076,1909f56bfc062723c751e8b465ee728b)
Start importing Assets/gbisf/outdoors_131.asset using Guid(2dbd5a61d9b61cb4d8708fe10e113e9d) Importer(815301076,1909f56bfc062723c751e8b465ee728b)  -> (artifact id: '2bfe381a9fc8a527bacdcfff8e84efd9') in 0.023745 seconds 
========================================================================
Received Import Request.
  Time since last request: 0.000026 seconds.
  path: Assets/gbisf/outdoors_92.asset
  artifactKey: Guid(f77bfd7fe14833749b136f4d43890e90) Importer(815301076,1909f56bfc062723c751e8b465ee728b)
Start importing Assets/gbisf/outdoors_92.asset using Guid(f77bfd7fe14833749b136f4d43890e90) Importer(815301076,1909f56bfc062723c751e8b465ee728b)  -> (artifact id: '55342e6c005f196d0b9462b894113686') in 0.022888 seconds 
========================================================================
Received Import Request.
  Time since last request: 0.000035 seconds.
  path: Assets/gbisf/outdoors_34 1.asset
  artifactKey: Guid(d89a362c84389da4ba394e4db987dd47) Importer(815301076,1909f56bfc062723c751e8b465ee728b)
Start importing Assets/gbisf/outdoors_34 1.asset using Guid(d89a362c84389da4ba394e4db987dd47) Importer(815301076,1909f56bfc062723c751e8b465ee728b)  -> (artifact id: '24e6a8917d67daa7931551efa18329cf') in 0.021972 seconds 
========================================================================
Received Import Request.
  Time since last request: 0.000022 seconds.
  path: Assets/gbisf/outdoors_153 1.asset
  artifactKey: Guid(57021ccc4d0a24940b5cbac4a17c9159) Importer(815301076,1909f56bfc062723c751e8b465ee728b)
Start importing Assets/gbisf/outdoors_153 1.asset using Guid(57021ccc4d0a24940b5cbac4a17c9159) Importer(815301076,1909f56bfc062723c751e8b465ee728b)  -> (artifact id: '4cd7794e1c883447610e7bdcbb4a2b6f') in 0.021789 seconds 
========================================================================
Received Import Request.
  Time since last request: 0.000043 seconds.
  path: Assets/gbisf/outdoors_182.asset
  artifactKey: Guid(82583a8cde301a9489ccf5eedb8bb02d) Importer(815301076,1909f56bfc062723c751e8b465ee728b)
Start importing Assets/gbisf/outdoors_182.asset using Guid(82583a8cde301a9489ccf5eedb8bb02d) Importer(815301076,1909f56bfc062723c751e8b465ee728b)  -> (artifact id: '87bebf2c92f301717f5361fe5d65a551') in 0.019714 seconds 
========================================================================
Received Import Request.
  Time since last request: 0.000041 seconds.
  path: Assets/gbisf/outdoors_41 1.asset
  artifactKey: Guid(b2c2a15f3dc1df845861c4431a237417) Importer(815301076,1909f56bfc062723c751e8b465ee728b)
Start importing Assets/gbisf/outdoors_41 1.asset using Guid(b2c2a15f3dc1df845861c4431a237417) Importer(815301076,1909f56bfc062723c751e8b465ee728b)  -> (artifact id: '082a8b8153c109d697d49ffd48265920') in 0.023054 seconds 
========================================================================
Received Import Request.
  Time since last request: 0.000022 seconds.
  path: Assets/gbisf/outdoors_64 1.asset
  artifactKey: Guid(2f48855139b877044ad158283f4b56bc) Importer(815301076,1909f56bfc062723c751e8b465ee728b)
Start importing Assets/gbisf/outdoors_64 1.asset using Guid(2f48855139b877044ad158283f4b56bc) Importer(815301076,1909f56bfc062723c751e8b465ee728b)  -> (artifact id: '19c964796ee7b02c0277af5ebbf8fac7') in 0.019121 seconds 
========================================================================
Received Import Request.
  Time since last request: 0.000104 seconds.
  path: Assets/gbisf/outdoors_149 1.asset
  artifactKey: Guid(bddf023bedbaaa2448a66c00c975ac82) Importer(815301076,1909f56bfc062723c751e8b465ee728b)
Start importing Assets/gbisf/outdoors_149 1.asset using Guid(bddf023bedbaaa2448a66c00c975ac82) Importer(815301076,1909f56bfc062723c751e8b465ee728b)  -> (artifact id: '31c607f6458dd0e0113a1a27b6dcf9d7') in 0.024545 seconds 
========================================================================
Received Import Request.
  Time since last request: 0.000023 seconds.
  path: Assets/gbisf/outdoors_40.asset
  artifactKey: Guid(57e9b5dced4246e4aa62cd7376835d81) Importer(815301076,1909f56bfc062723c751e8b465ee728b)
Start importing Assets/gbisf/outdoors_40.asset using Guid(57e9b5dced4246e4aa62cd7376835d81) Importer(815301076,1909f56bfc062723c751e8b465ee728b)  -> (artifact id: '284dac3a17dc81270e9f858e518638a5') in 0.020442 seconds 
========================================================================
Received Import Request.
  Time since last request: 0.000048 seconds.
  path: Assets/gbisf/outdoors_123 1.asset
  artifactKey: Guid(77bed837c93f6ba488258d55aadd0d7f) Importer(815301076,1909f56bfc062723c751e8b465ee728b)
Start importing Assets/gbisf/outdoors_123 1.asset using Guid(77bed837c93f6ba488258d55aadd0d7f) Importer(815301076,1909f56bfc062723c751e8b465ee728b)  -> (artifact id: '2972cece43f1842c1f2e7bfe0eec223d') in 0.020514 seconds 
========================================================================
Received Import Request.
  Time since last request: 0.000026 seconds.
  path: Assets/gbisf/outdoors_58.asset
  artifactKey: Guid(72a065cf02035094ba8c230cb62113d5) Importer(815301076,1909f56bfc062723c751e8b465ee728b)
Start importing Assets/gbisf/outdoors_58.asset using Guid(72a065cf02035094ba8c230cb62113d5) Importer(815301076,1909f56bfc062723c751e8b465ee728b)  -> (artifact id: 'd2f44e35f986a27c3fae4c052bc0ce55') in 0.019194 seconds 
========================================================================
Received Import Request.
  Time since last request: 0.000025 seconds.
  path: Assets/gbisf/outdoors_168.asset
  artifactKey: Guid(3565dfcece57e7c4c82fe0dcd8c8922f) Importer(815301076,1909f56bfc062723c751e8b465ee728b)
Start importing Assets/gbisf/outdoors_168.asset using Guid(3565dfcece57e7c4c82fe0dcd8c8922f) Importer(815301076,1909f56bfc062723c751e8b465ee728b)  -> (artifact id: '72479f01fed60a647f80d6442694e56e') in 0.022031 seconds 
========================================================================
Received Import Request.
  Time since last request: 0.000080 seconds.
  path: Assets/gbisf/outdoors_125 1.asset
  artifactKey: Guid(6c12fd096588aa443a612bb227a3f3cc) Importer(815301076,1909f56bfc062723c751e8b465ee728b)
Start importing Assets/gbisf/outdoors_125 1.asset using Guid(6c12fd096588aa443a612bb227a3f3cc) Importer(815301076,1909f56bfc062723c751e8b465ee728b)  -> (artifact id: '59a233ebe9d399de33c065e62372f6f0') in 0.022754 seconds 
========================================================================
Received Import Request.
  Time since last request: 0.000043 seconds.
  path: Assets/gbisf/outdoors_162 1.asset
  artifactKey: Guid(d9f9d16a32ce14a428edca7360ab33d5) Importer(815301076,1909f56bfc062723c751e8b465ee728b)
Start importing Assets/gbisf/outdoors_162 1.asset using Guid(d9f9d16a32ce14a428edca7360ab33d5) Importer(815301076,1909f56bfc062723c751e8b465ee728b)  -> (artifact id: '79d37928e9250778512d49693e9d33c8') in 0.018571 seconds 
========================================================================
Received Import Request.
  Time since last request: 0.000129 seconds.
  path: Assets/gbisf/outdoors_102 1.asset
  artifactKey: Guid(dc87193aeb27392419d9b729072b8db3) Importer(815301076,1909f56bfc062723c751e8b465ee728b)
Start importing Assets/gbisf/outdoors_102 1.asset using Guid(dc87193aeb27392419d9b729072b8db3) Importer(815301076,1909f56bfc062723c751e8b465ee728b)  -> (artifact id: '6bec834b12a3a57e3d1fc902230a569e') in 0.020129 seconds 
========================================================================
Received Import Request.
  Time since last request: 0.000023 seconds.
  path: Assets/gbisf/outdoors_125.asset
  artifactKey: Guid(0fbbe24309680a341bf3c9dc3e3d3761) Importer(815301076,1909f56bfc062723c751e8b465ee728b)
Start importing Assets/gbisf/outdoors_125.asset using Guid(0fbbe24309680a341bf3c9dc3e3d3761) Importer(815301076,1909f56bfc062723c751e8b465ee728b)  -> (artifact id: '0adb045118a6fd5c07025fdac81805c7') in 0.020261 seconds 
========================================================================
Received Import Request.
  Time since last request: 0.000061 seconds.
  path: Assets/gbisf/outdoors_151 1.asset
  artifactKey: Guid(bf96125cc0aedd34b921c361b261fbd3) Importer(815301076,1909f56bfc062723c751e8b465ee728b)
Start importing Assets/gbisf/outdoors_151 1.asset using Guid(bf96125cc0aedd34b921c361b261fbd3) Importer(815301076,1909f56bfc062723c751e8b465ee728b)  -> (artifact id: '68a8b8d45127b4dd72d3a1da4ff6d420') in 0.021067 seconds 
========================================================================
Received Import Request.
  Time since last request: 0.000033 seconds.
  path: Assets/gbisf/outdoors_184.asset
  artifactKey: Guid(32e635eaf64b3514387e3e000eedcbdf) Importer(815301076,1909f56bfc062723c751e8b465ee728b)
Start importing Assets/gbisf/outdoors_184.asset using Guid(32e635eaf64b3514387e3e000eedcbdf) Importer(815301076,1909f56bfc062723c751e8b465ee728b)  -> (artifact id: 'b4b707f9d05a17b8b6beb8ef6bd4cd3d') in 0.021605 seconds 
========================================================================
Received Import Request.
  Time since last request: 0.000048 seconds.
  path: Assets/gbisf/outdoors_83.asset
  artifactKey: Guid(9db4a3fc3e1e99b42a5a970cad6afe66) Importer(815301076,1909f56bfc062723c751e8b465ee728b)
Start importing Assets/gbisf/outdoors_83.asset using Guid(9db4a3fc3e1e99b42a5a970cad6afe66) Importer(815301076,1909f56bfc062723c751e8b465ee728b)  -> (artifact id: 'b47dfc76ec6b14ef100df08de02777fe') in 0.024438 seconds 
========================================================================
Received Import Request.
  Time since last request: 0.000060 seconds.
  path: Assets/gbisf/outdoors_146 1.asset
  artifactKey: Guid(ed5a3130152a3cd4fb6de4e27f37638b) Importer(815301076,1909f56bfc062723c751e8b465ee728b)
Start importing Assets/gbisf/outdoors_146 1.asset using Guid(ed5a3130152a3cd4fb6de4e27f37638b) Importer(815301076,1909f56bfc062723c751e8b465ee728b)  -> (artifact id: '2739a86abc5ecee6dd17e93a7c97a35b') in 0.023282 seconds 
========================================================================
Received Import Request.
  Time since last request: 0.000052 seconds.
  path: Assets/gbisf/outdoors_114.asset
  artifactKey: Guid(bf05b7374770c4347ae563eba5d935b0) Importer(815301076,1909f56bfc062723c751e8b465ee728b)
Start importing Assets/gbisf/outdoors_114.asset using Guid(bf05b7374770c4347ae563eba5d935b0) Importer(815301076,1909f56bfc062723c751e8b465ee728b)  -> (artifact id: '10f0f4019dd59bf9e0d12d5f66142f44') in 0.023534 seconds 
========================================================================
Received Import Request.
  Time since last request: 0.000057 seconds.
  path: Assets/gbisf/outdoors_148 1.asset
  artifactKey: Guid(6a2074d38a478114f973875cad19738a) Importer(815301076,1909f56bfc062723c751e8b465ee728b)
Start importing Assets/gbisf/outdoors_148 1.asset using Guid(6a2074d38a478114f973875cad19738a) Importer(815301076,1909f56bfc062723c751e8b465ee728b)  -> (artifact id: 'b38c990ffdc04f80c4cd88b0de1cbf98') in 0.023467 seconds 
========================================================================
Received Import Request.
  Time since last request: 0.000034 seconds.
  path: Assets/gbisf/outdoors_130 1.asset
  artifactKey: Guid(73d9aed549714324da7d13d8f5eb6763) Importer(815301076,1909f56bfc062723c751e8b465ee728b)
Start importing Assets/gbisf/outdoors_130 1.asset using Guid(73d9aed549714324da7d13d8f5eb6763) Importer(815301076,1909f56bfc062723c751e8b465ee728b)  -> (artifact id: 'eb3cd365f468f6a1d66ff5cbee13580a') in 0.020197 seconds 
========================================================================
Received Import Request.
  Time since last request: 0.000110 seconds.
  path: Assets/gbisf/outdoors_87 1.asset
  artifactKey: Guid(a0a1a03a96989fd47b78b20067fa2b38) Importer(815301076,1909f56bfc062723c751e8b465ee728b)
Start importing Assets/gbisf/outdoors_87 1.asset using Guid(a0a1a03a96989fd47b78b20067fa2b38) Importer(815301076,1909f56bfc062723c751e8b465ee728b)  -> (artifact id: 'eeed33a7025246f77200972464cbd98e') in 0.019840 seconds 
========================================================================
Received Import Request.
  Time since last request: 0.000071 seconds.
  path: Assets/gbisf/outdoors_90 1.asset
  artifactKey: Guid(80263cda8201ceb4a95cb6846ffb2774) Importer(815301076,1909f56bfc062723c751e8b465ee728b)
Start importing Assets/gbisf/outdoors_90 1.asset using Guid(80263cda8201ceb4a95cb6846ffb2774) Importer(815301076,1909f56bfc062723c751e8b465ee728b)  -> (artifact id: 'c66b77ff8382ac8f8f2af732fbdf600b') in 0.021707 seconds 
========================================================================
Received Import Request.
  Time since last request: 0.000048 seconds.
  path: Assets/gbisf/outdoors_111.asset
  artifactKey: Guid(30ec009be7d4cf14ca1ce287253a7346) Importer(815301076,1909f56bfc062723c751e8b465ee728b)
Start importing Assets/gbisf/outdoors_111.asset using Guid(30ec009be7d4cf14ca1ce287253a7346) Importer(815301076,1909f56bfc062723c751e8b465ee728b)  -> (artifact id: 'b527f820d3c44a85bb297c460f0a2177') in 0.022356 seconds 
========================================================================
Received Import Request.
  Time since last request: 0.000029 seconds.
  path: Assets/gbisf/outdoors_156 1.asset
  artifactKey: Guid(b78a5af69f92e7446b7378fbec78b87a) Importer(815301076,1909f56bfc062723c751e8b465ee728b)
Start importing Assets/gbisf/outdoors_156 1.asset using Guid(b78a5af69f92e7446b7378fbec78b87a) Importer(815301076,1909f56bfc062723c751e8b465ee728b)  -> (artifact id: '7f3c958b630129f4ae824d7e7b8097d7') in 0.017755 seconds 
========================================================================
Received Import Request.
  Time since last request: 0.000026 seconds.
  path: Assets/gbisf/outdoors_46.asset
  artifactKey: Guid(41bc048e61a5e5d468bc64386d861328) Importer(815301076,1909f56bfc062723c751e8b465ee728b)
Start importing Assets/gbisf/outdoors_46.asset using Guid(41bc048e61a5e5d468bc64386d861328) Importer(815301076,1909f56bfc062723c751e8b465ee728b)  -> (artifact id: 'f847e021722aca11c6e32e733f161021') in 0.022101 seconds 
========================================================================
Received Import Request.
  Time since last request: 0.000029 seconds.
  path: Assets/gbisf/outdoors_77.asset
  artifactKey: Guid(b9d008e95d047144db7c2200cfbbd12f) Importer(815301076,1909f56bfc062723c751e8b465ee728b)
Start importing Assets/gbisf/outdoors_77.asset using Guid(b9d008e95d047144db7c2200cfbbd12f) Importer(815301076,1909f56bfc062723c751e8b465ee728b)  -> (artifact id: '3636504beef05787c725c2eb80e75432') in 0.019007 seconds 
========================================================================
Received Import Request.
  Time since last request: 0.000032 seconds.
  path: Assets/gbisf/outdoors_93 1.asset
  artifactKey: Guid(fcc56d05f95849949b716e5891895063) Importer(815301076,1909f56bfc062723c751e8b465ee728b)
Start importing Assets/gbisf/outdoors_93 1.asset using Guid(fcc56d05f95849949b716e5891895063) Importer(815301076,1909f56bfc062723c751e8b465ee728b)  -> (artifact id: '12b4793dc9bf9e5f49345c35b33d674f') in 0.018342 seconds 
========================================================================
Received Import Request.
  Time since last request: 0.000066 seconds.
  path: Assets/gbisf/outdoors_104.asset
  artifactKey: Guid(1744cc1e660ef294c89895c2cc44a579) Importer(815301076,1909f56bfc062723c751e8b465ee728b)
Start importing Assets/gbisf/outdoors_104.asset using Guid(1744cc1e660ef294c89895c2cc44a579) Importer(815301076,1909f56bfc062723c751e8b465ee728b)  -> (artifact id: '3b3b8167f2fcd3194319a33a8dac46a4') in 0.017832 seconds 
========================================================================
Received Import Request.
  Time since last request: 0.000034 seconds.
  path: Assets/gbisf/outdoors_114 1.asset
  artifactKey: Guid(365a03fee6909894d83ccab2c389e88e) Importer(815301076,1909f56bfc062723c751e8b465ee728b)
Start importing Assets/gbisf/outdoors_114 1.asset using Guid(365a03fee6909894d83ccab2c389e88e) Importer(815301076,1909f56bfc062723c751e8b465ee728b)  -> (artifact id: '8810619e08bb8e826bc48789839c1550') in 0.020582 seconds 
========================================================================
Received Import Request.
  Time since last request: 0.000061 seconds.
  path: Assets/gbisf/outdoors_90.asset
  artifactKey: Guid(33c0953a40358b44a9c8d6719326b7c8) Importer(815301076,1909f56bfc062723c751e8b465ee728b)
Start importing Assets/gbisf/outdoors_90.asset using Guid(33c0953a40358b44a9c8d6719326b7c8) Importer(815301076,1909f56bfc062723c751e8b465ee728b)  -> (artifact id: 'a8845f7a570b3a65b8ec741565aa4404') in 0.020365 seconds 
========================================================================
Received Import Request.
  Time since last request: 0.000027 seconds.
  path: Assets/gbisf/outdoors_121.asset
  artifactKey: Guid(6c9f1e5c9e0fbb348bd8310233b5069b) Importer(815301076,1909f56bfc062723c751e8b465ee728b)
Start importing Assets/gbisf/outdoors_121.asset using Guid(6c9f1e5c9e0fbb348bd8310233b5069b) Importer(815301076,1909f56bfc062723c751e8b465ee728b)  -> (artifact id: 'c9af4ca043c4cbac25b479411d6e17bc') in 0.023538 seconds 
========================================================================
Received Import Request.
  Time since last request: 0.000049 seconds.
  path: Assets/gbisf/outdoors_27 1.asset
  artifactKey: Guid(817f7e5eb10fd4d4a97d1bf6133088be) Importer(815301076,1909f56bfc062723c751e8b465ee728b)
Start importing Assets/gbisf/outdoors_27 1.asset using Guid(817f7e5eb10fd4d4a97d1bf6133088be) Importer(815301076,1909f56bfc062723c751e8b465ee728b)  -> (artifact id: '1ce5f7631e88ddac5b92e5ce60effb3c') in 0.019422 seconds 
========================================================================
Received Import Request.
  Time since last request: 0.000041 seconds.
  path: Assets/gbisf/outdoors_46 1.asset
  artifactKey: Guid(549a9916d07728d4188debd77c9d48ec) Importer(815301076,1909f56bfc062723c751e8b465ee728b)
Start importing Assets/gbisf/outdoors_46 1.asset using Guid(549a9916d07728d4188debd77c9d48ec) Importer(815301076,1909f56bfc062723c751e8b465ee728b)  -> (artifact id: 'f68e38fb9348577508215f1ba57b0e31') in 0.020531 seconds 
========================================================================
Received Import Request.
  Time since last request: 0.000046 seconds.
  path: Assets/gbisf/outdoors_154.asset
  artifactKey: Guid(29f2705e3b118174d842cf6d73c79bc7) Importer(815301076,1909f56bfc062723c751e8b465ee728b)
Start importing Assets/gbisf/outdoors_154.asset using Guid(29f2705e3b118174d842cf6d73c79bc7) Importer(815301076,1909f56bfc062723c751e8b465ee728b)  -> (artifact id: 'decd60e37751fbc4e70b2e34515c807d') in 0.021843 seconds 
========================================================================
Received Import Request.
  Time since last request: 0.000025 seconds.
  path: Assets/gbisf/outdoors_112 1.asset
  artifactKey: Guid(3c6a415885870e84ca6c865c2050a921) Importer(815301076,1909f56bfc062723c751e8b465ee728b)
Start importing Assets/gbisf/outdoors_112 1.asset using Guid(3c6a415885870e84ca6c865c2050a921) Importer(815301076,1909f56bfc062723c751e8b465ee728b)  -> (artifact id: 'b2debe04f5b8e5d4e7b95cbec78984d7') in 0.019952 seconds 
========================================================================
Received Import Request.
  Time since last request: 0.000041 seconds.
  path: Assets/gbisf/outdoors_142 1.asset
  artifactKey: Guid(3da6be99f3b49c54ba72913809f3f19e) Importer(815301076,1909f56bfc062723c751e8b465ee728b)
Start importing Assets/gbisf/outdoors_142 1.asset using Guid(3da6be99f3b49c54ba72913809f3f19e) Importer(815301076,1909f56bfc062723c751e8b465ee728b)  -> (artifact id: 'b84ba072a3d0df2a0859d3ee60711faa') in 0.026255 seconds 
========================================================================
Received Import Request.
  Time since last request: 0.000127 seconds.
  path: Assets/gbisf/outdoors_146.asset
  artifactKey: Guid(ece402ad64ec9b44885e1f6661edc207) Importer(815301076,1909f56bfc062723c751e8b465ee728b)
Start importing Assets/gbisf/outdoors_146.asset using Guid(ece402ad64ec9b44885e1f6661edc207) Importer(815301076,1909f56bfc062723c751e8b465ee728b)  -> (artifact id: 'ccc4641e2d82e91f07bc3eceebc4adcc') in 0.019086 seconds 
========================================================================
Received Import Request.
  Time since last request: 0.000110 seconds.
  path: Assets/gbisf/outdoors_69.asset
  artifactKey: Guid(1a1790aa8404c6d47852ddb7ac5c089e) Importer(815301076,1909f56bfc062723c751e8b465ee728b)
Start importing Assets/gbisf/outdoors_69.asset using Guid(1a1790aa8404c6d47852ddb7ac5c089e) Importer(815301076,1909f56bfc062723c751e8b465ee728b)  -> (artifact id: 'b2f128e55e8a99e352548cf9a80634cf') in 0.020382 seconds 
========================================================================
Received Import Request.
  Time since last request: 0.000038 seconds.
  path: Assets/gbisf/outdoors_97.asset
  artifactKey: Guid(e49a8d67a2561954884d0e6fd7bef2f2) Importer(815301076,1909f56bfc062723c751e8b465ee728b)
Start importing Assets/gbisf/outdoors_97.asset using Guid(e49a8d67a2561954884d0e6fd7bef2f2) Importer(815301076,1909f56bfc062723c751e8b465ee728b)  -> (artifact id: 'b16c69dc98bfab99ba12318986646d88') in 0.023131 seconds 
========================================================================
Received Import Request.
  Time since last request: 0.000034 seconds.
  path: Assets/gbisf/outdoors_121 1.asset
  artifactKey: Guid(79e90505f09842e439343dc94815fd7d) Importer(815301076,1909f56bfc062723c751e8b465ee728b)
Start importing Assets/gbisf/outdoors_121 1.asset using Guid(79e90505f09842e439343dc94815fd7d) Importer(815301076,1909f56bfc062723c751e8b465ee728b)  -> (artifact id: '7fd4359c0061c5cefb3f95a8cd4e684b') in 0.022267 seconds 
========================================================================
Received Import Request.
  Time since last request: 0.000060 seconds.
  path: Assets/gbisf/outdoors_53 1.asset
  artifactKey: Guid(4562f89415007bc4aa348de771fb6cff) Importer(815301076,1909f56bfc062723c751e8b465ee728b)
Start importing Assets/gbisf/outdoors_53 1.asset using Guid(4562f89415007bc4aa348de771fb6cff) Importer(815301076,1909f56bfc062723c751e8b465ee728b)  -> (artifact id: '0ce581d81804e8c3c532c3a11e0be05e') in 0.022182 seconds 
========================================================================
Received Import Request.
  Time since last request: 0.000026 seconds.
  path: Assets/gbisf/outdoors_160 1.asset
  artifactKey: Guid(d0abb2c6f3aacd943af9e253e6d08861) Importer(815301076,1909f56bfc062723c751e8b465ee728b)
Start importing Assets/gbisf/outdoors_160 1.asset using Guid(d0abb2c6f3aacd943af9e253e6d08861) Importer(815301076,1909f56bfc062723c751e8b465ee728b)  -> (artifact id: '6a58d3e34fdc9911c84ba41d22e36001') in 0.019431 seconds 
========================================================================
Received Import Request.
  Time since last request: 0.000055 seconds.
  path: Assets/gbisf/outdoors_141 1.asset
  artifactKey: Guid(a6e7533ff6ac3a8478919e7b1935b286) Importer(815301076,1909f56bfc062723c751e8b465ee728b)
Start importing Assets/gbisf/outdoors_141 1.asset using Guid(a6e7533ff6ac3a8478919e7b1935b286) Importer(815301076,1909f56bfc062723c751e8b465ee728b)  -> (artifact id: '27b35c67a25e78fd2248f09cd6b9cb86') in 0.023670 seconds 
========================================================================
Received Import Request.
  Time since last request: 0.000058 seconds.
  path: Assets/gbisf/outdoors_147 1.asset
  artifactKey: Guid(132d9decc628ed343bf0cee11a02676f) Importer(815301076,1909f56bfc062723c751e8b465ee728b)
Start importing Assets/gbisf/outdoors_147 1.asset using Guid(132d9decc628ed343bf0cee11a02676f) Importer(815301076,1909f56bfc062723c751e8b465ee728b)  -> (artifact id: '7d53dc5bb7ed7c7625ac08a922c501b0') in 0.020445 seconds 
========================================================================
Received Import Request.
  Time since last request: 0.000041 seconds.
  path: Assets/gbisf/outdoors_123.asset
  artifactKey: Guid(f2e8b4d09773a9844969ab7f03978bac) Importer(815301076,1909f56bfc062723c751e8b465ee728b)
Start importing Assets/gbisf/outdoors_123.asset using Guid(f2e8b4d09773a9844969ab7f03978bac) Importer(815301076,1909f56bfc062723c751e8b465ee728b)  -> (artifact id: '4079f89d6084a390e121733be880ac5b') in 0.022593 seconds 
========================================================================
Received Import Request.
  Time since last request: 0.000021 seconds.
  path: Assets/gbisf/outdoors_176.asset
  artifactKey: Guid(03175db72efe0db4dbff5c23570fbca9) Importer(815301076,1909f56bfc062723c751e8b465ee728b)
Start importing Assets/gbisf/outdoors_176.asset using Guid(03175db72efe0db4dbff5c23570fbca9) Importer(815301076,1909f56bfc062723c751e8b465ee728b)  -> (artifact id: 'c8454f1bb5b275ea7745a5a0d19203c6') in 0.024173 seconds 
========================================================================
Received Import Request.
  Time since last request: 0.000042 seconds.
  path: Assets/gbisf/outdoors_147.asset
  artifactKey: Guid(ed23b337e1e08ac40a0a68488da126de) Importer(815301076,1909f56bfc062723c751e8b465ee728b)
Start importing Assets/gbisf/outdoors_147.asset using Guid(ed23b337e1e08ac40a0a68488da126de) Importer(815301076,1909f56bfc062723c751e8b465ee728b)  -> (artifact id: 'c43973f6467ebe633a47cf173c6495dd') in 0.023300 seconds 
========================================================================
Received Import Request.
  Time since last request: 0.000029 seconds.
  path: Assets/gbisf/outdoors_107.asset
  artifactKey: Guid(1a696c8d7d3ba314b83d8eaf0dc583c4) Importer(815301076,1909f56bfc062723c751e8b465ee728b)
Start importing Assets/gbisf/outdoors_107.asset using Guid(1a696c8d7d3ba314b83d8eaf0dc583c4) Importer(815301076,1909f56bfc062723c751e8b465ee728b)  -> (artifact id: 'f478f30d9e2998028970340718aed500') in 0.022341 seconds 
========================================================================
Received Import Request.
  Time since last request: 0.000040 seconds.
  path: Assets/gbisf/outdoors_154 1.asset
  artifactKey: Guid(c3b97fca2c6626647a6dbad1e9eca623) Importer(815301076,1909f56bfc062723c751e8b465ee728b)
Start importing Assets/gbisf/outdoors_154 1.asset using Guid(c3b97fca2c6626647a6dbad1e9eca623) Importer(815301076,1909f56bfc062723c751e8b465ee728b)  -> (artifact id: '30be1808c79b6a81ae65cafbe563dba1') in 0.022359 seconds 
========================================================================
Received Import Request.
  Time since last request: 0.000064 seconds.
  path: Assets/gbisf/outdoors_140.asset
  artifactKey: Guid(d4fadaf6f45d28642b6b9badeda2032d) Importer(815301076,1909f56bfc062723c751e8b465ee728b)
Start importing Assets/gbisf/outdoors_140.asset using Guid(d4fadaf6f45d28642b6b9badeda2032d) Importer(815301076,1909f56bfc062723c751e8b465ee728b)  -> (artifact id: '796bec1ae369701cde560ae499fe4d48') in 0.021562 seconds 
========================================================================
Received Import Request.
  Time since last request: 0.000035 seconds.
  path: Assets/gbisf/outdoors_74.asset
  artifactKey: Guid(8f402dcd4da750443b6805e159d2236d) Importer(815301076,1909f56bfc062723c751e8b465ee728b)
Start importing Assets/gbisf/outdoors_74.asset using Guid(8f402dcd4da750443b6805e159d2236d) Importer(815301076,1909f56bfc062723c751e8b465ee728b)  -> (artifact id: '781b0b5496493fde137998ca5e2a3947') in 0.022950 seconds 
========================================================================
Received Import Request.
  Time since last request: 0.000078 seconds.
  path: Assets/gbisf/outdoors_144.asset
  artifactKey: Guid(085ef383fa930974197f229e4d3195ae) Importer(815301076,1909f56bfc062723c751e8b465ee728b)
Start importing Assets/gbisf/outdoors_144.asset using Guid(085ef383fa930974197f229e4d3195ae) Importer(815301076,1909f56bfc062723c751e8b465ee728b)  -> (artifact id: 'ecb4780637924bbf850adfe1c319447e') in 0.027561 seconds 
========================================================================
Received Import Request.
  Time since last request: 0.000044 seconds.
  path: Assets/gbisf/outdoors_152 1.asset
  artifactKey: Guid(4dd262755644b3a46a2d0d751a8b128b) Importer(815301076,1909f56bfc062723c751e8b465ee728b)
Start importing Assets/gbisf/outdoors_152 1.asset using Guid(4dd262755644b3a46a2d0d751a8b128b) Importer(815301076,1909f56bfc062723c751e8b465ee728b)  -> (artifact id: 'aa2db447086813ff471d07a715c1a660') in 0.021063 seconds 
========================================================================
Received Import Request.
  Time since last request: 0.000049 seconds.
  path: Assets/gbisf/outdoors_82 1.asset
  artifactKey: Guid(aeaec7425851b5248866ed7e5209895c) Importer(815301076,1909f56bfc062723c751e8b465ee728b)
Start importing Assets/gbisf/outdoors_82 1.asset using Guid(aeaec7425851b5248866ed7e5209895c) Importer(815301076,1909f56bfc062723c751e8b465ee728b)  -> (artifact id: '07dba91ca7c813e7db0f57867f265ff8') in 0.023939 seconds 
========================================================================
Received Import Request.
  Time since last request: 0.000033 seconds.
  path: Assets/gbisf/outdoors_101.asset
  artifactKey: Guid(962ea136259f4a241aed195278334a71) Importer(815301076,1909f56bfc062723c751e8b465ee728b)
Start importing Assets/gbisf/outdoors_101.asset using Guid(962ea136259f4a241aed195278334a71) Importer(815301076,1909f56bfc062723c751e8b465ee728b)  -> (artifact id: '1cde935c850bff857b0820b3da3e346e') in 0.022531 seconds 
========================================================================
Received Import Request.
  Time since last request: 0.000020 seconds.
  path: Assets/gbisf/outdoors_137 1.asset
  artifactKey: Guid(aebf3db92f0fd6048b9a3d9188d4f900) Importer(815301076,1909f56bfc062723c751e8b465ee728b)
Start importing Assets/gbisf/outdoors_137 1.asset using Guid(aebf3db92f0fd6048b9a3d9188d4f900) Importer(815301076,1909f56bfc062723c751e8b465ee728b)  -> (artifact id: '6783e917d0d9fa4eecbf9eb47126f74a') in 0.024321 seconds 
========================================================================
Received Import Request.
  Time since last request: 0.000038 seconds.
  path: Assets/gbisf/outdoors_116.asset
  artifactKey: Guid(cd2d8b2f59315c5449cf737f2fdbb021) Importer(815301076,1909f56bfc062723c751e8b465ee728b)
Start importing Assets/gbisf/outdoors_116.asset using Guid(cd2d8b2f59315c5449cf737f2fdbb021) Importer(815301076,1909f56bfc062723c751e8b465ee728b)  -> (artifact id: '179497054b77b81ec3f558f2dc3c9393') in 0.020720 seconds 
========================================================================
Received Import Request.
  Time since last request: 0.000027 seconds.
  path: Assets/gbisf/outdoors_33.asset
  artifactKey: Guid(e844bb49829649b4c8d5c43002da0847) Importer(815301076,1909f56bfc062723c751e8b465ee728b)
Start importing Assets/gbisf/outdoors_33.asset using Guid(e844bb49829649b4c8d5c43002da0847) Importer(815301076,1909f56bfc062723c751e8b465ee728b)  -> (artifact id: 'ebb94e57144c5843aee5b16c1eb4c69c') in 0.022866 seconds 
========================================================================
Received Import Request.
  Time since last request: 0.000064 seconds.
  path: Assets/gbisf/outdoors_139.asset
  artifactKey: Guid(283dc513b03a0af47b359a687a7d50db) Importer(815301076,1909f56bfc062723c751e8b465ee728b)
Start importing Assets/gbisf/outdoors_139.asset using Guid(283dc513b03a0af47b359a687a7d50db) Importer(815301076,1909f56bfc062723c751e8b465ee728b)  -> (artifact id: 'ee88768995e8283bdc3a56d86f2a871f') in 0.027268 seconds 
========================================================================
Received Import Request.
  Time since last request: 0.000063 seconds.
  path: Assets/gbisf/outdoors_108.asset
  artifactKey: Guid(a13cb5098fa0e6a4db817dd7975d35e7) Importer(815301076,1909f56bfc062723c751e8b465ee728b)
Start importing Assets/gbisf/outdoors_108.asset using Guid(a13cb5098fa0e6a4db817dd7975d35e7) Importer(815301076,1909f56bfc062723c751e8b465ee728b)  -> (artifact id: 'cb0d9f39672a954e1c4ede681a248740') in 0.019693 seconds 
========================================================================
Received Import Request.
  Time since last request: 0.000028 seconds.
  path: Assets/gbisf/outdoors_66.asset
  artifactKey: Guid(5521600086f61a5488ee686165bea88a) Importer(815301076,1909f56bfc062723c751e8b465ee728b)
Start importing Assets/gbisf/outdoors_66.asset using Guid(5521600086f61a5488ee686165bea88a) Importer(815301076,1909f56bfc062723c751e8b465ee728b)  -> (artifact id: '08fe9c6fa6ec5754ed22915271e43065') in 0.022131 seconds 
========================================================================
Received Import Request.
  Time since last request: 0.000177 seconds.
  path: Assets/gbisf/outdoors_133 1.asset
  artifactKey: Guid(9c146f11ea3e33f418072efe87620e67) Importer(815301076,1909f56bfc062723c751e8b465ee728b)
Start importing Assets/gbisf/outdoors_133 1.asset using Guid(9c146f11ea3e33f418072efe87620e67) Importer(815301076,1909f56bfc062723c751e8b465ee728b)  -> (artifact id: 'b244a43ac0836207fd872a7ec3792e3b') in 0.030922 seconds 
========================================================================
Received Import Request.
  Time since last request: 0.000083 seconds.
  path: Assets/gbisf/outdoors_94 1.asset
  artifactKey: Guid(112f3e44d7a0fb04ca35d9d9a84f2ca6) Importer(815301076,1909f56bfc062723c751e8b465ee728b)
Start importing Assets/gbisf/outdoors_94 1.asset using Guid(112f3e44d7a0fb04ca35d9d9a84f2ca6) Importer(815301076,1909f56bfc062723c751e8b465ee728b)  -> (artifact id: 'dee883c714c2911add5fa6543fcc6f31') in 0.028172 seconds 
========================================================================
Received Import Request.
  Time since last request: 0.000051 seconds.
  path: Assets/gbisf/outdoors_135.asset
  artifactKey: Guid(08c217e3bba1288418117ba4b503a8e1) Importer(815301076,1909f56bfc062723c751e8b465ee728b)
Start importing Assets/gbisf/outdoors_135.asset using Guid(08c217e3bba1288418117ba4b503a8e1) Importer(815301076,1909f56bfc062723c751e8b465ee728b)  -> (artifact id: '88e9d0f104479dbe29747b0491d50392') in 0.027319 seconds 
========================================================================
Received Import Request.
  Time since last request: 0.000029 seconds.
  path: Assets/gbisf/outdoors_131 1.asset
  artifactKey: Guid(0de7fd69036fdaa449ba7dc3021fb90c) Importer(815301076,1909f56bfc062723c751e8b465ee728b)
Start importing Assets/gbisf/outdoors_131 1.asset using Guid(0de7fd69036fdaa449ba7dc3021fb90c) Importer(815301076,1909f56bfc062723c751e8b465ee728b)  -> (artifact id: '20daed0378f611e65ca62384afc01900') in 0.026486 seconds 
========================================================================
Received Import Request.
  Time since last request: 0.000048 seconds.
  path: Assets/gbisf/outdoors_158 1.asset
  artifactKey: Guid(08a9980b3898b714696403d891e54bbf) Importer(815301076,1909f56bfc062723c751e8b465ee728b)
Start importing Assets/gbisf/outdoors_158 1.asset using Guid(08a9980b3898b714696403d891e54bbf) Importer(815301076,1909f56bfc062723c751e8b465ee728b)  -> (artifact id: 'ec8c1a2718216104b2d4735165fadd9c') in 0.028635 seconds 
========================================================================
Received Import Request.
  Time since last request: 0.000048 seconds.
  path: Assets/gbisf/outdoors_132.asset
  artifactKey: Guid(fd4507cd1edce5f459c79e4caebf3853) Importer(815301076,1909f56bfc062723c751e8b465ee728b)
Start importing Assets/gbisf/outdoors_132.asset using Guid(fd4507cd1edce5f459c79e4caebf3853) Importer(815301076,1909f56bfc062723c751e8b465ee728b)  -> (artifact id: '06b181403ef1e7ff6243c25b5233173e') in 0.026321 seconds 
========================================================================
Received Import Request.
  Time since last request: 0.000033 seconds.
  path: Assets/gbisf/outdoors_140 1.asset
  artifactKey: Guid(481aed192aca9544291ec19e38b87776) Importer(815301076,1909f56bfc062723c751e8b465ee728b)
Start importing Assets/gbisf/outdoors_140 1.asset using Guid(481aed192aca9544291ec19e38b87776) Importer(815301076,1909f56bfc062723c751e8b465ee728b)  -> (artifact id: '2b110b1a4e33746d7b94f0d077347707') in 0.031899 seconds 
========================================================================
Received Import Request.
  Time since last request: 0.000045 seconds.
  path: Assets/gbisf/outdoors_116 1.asset
  artifactKey: Guid(98e899c22b670e443ab749b9160cc5fe) Importer(815301076,1909f56bfc062723c751e8b465ee728b)
Start importing Assets/gbisf/outdoors_116 1.asset using Guid(98e899c22b670e443ab749b9160cc5fe) Importer(815301076,1909f56bfc062723c751e8b465ee728b)  -> (artifact id: '454d06c35df905b5c7dcb49035e494f8') in 0.025249 seconds 
========================================================================
Received Import Request.
  Time since last request: 0.000039 seconds.
  path: Assets/gbisf/tile.prefab
  artifactKey: Guid(826ab24d9a4b9e241a64cf820ab99a6b) Importer(815301076,1909f56bfc062723c751e8b465ee728b)
Start importing Assets/gbisf/tile.prefab using Guid(826ab24d9a4b9e241a64cf820ab99a6b) Importer(815301076,1909f56bfc062723c751e8b465ee728b)  -> (artifact id: 'd0cae6f2db795ea5a42f42007761434d') in 0.132905 seconds 
========================================================================
Received Import Request.
  Time since last request: 0.000039 seconds.
  path: Assets/gbisf/outdoors_136 1.asset
  artifactKey: Guid(37157c9363542fd40acb9767c3c8dff8) Importer(815301076,1909f56bfc062723c751e8b465ee728b)
Start importing Assets/gbisf/outdoors_136 1.asset using Guid(37157c9363542fd40acb9767c3c8dff8) Importer(815301076,1909f56bfc062723c751e8b465ee728b)  -> (artifact id: '650c0d10bd170c0d2c24143547f9f4d9') in 0.026632 seconds 
========================================================================
Received Import Request.
  Time since last request: 0.000055 seconds.
  path: Assets/gbisf/outdoors_57.asset
  artifactKey: Guid(9c4a9a33e7f8b464c95067358aac1ff5) Importer(815301076,1909f56bfc062723c751e8b465ee728b)
Start importing Assets/gbisf/outdoors_57.asset using Guid(9c4a9a33e7f8b464c95067358aac1ff5) Importer(815301076,1909f56bfc062723c751e8b465ee728b)  -> (artifact id: '9a98194775986b12fbfe7c69d62aff21') in 0.026772 seconds 
========================================================================
Received Import Request.
  Time since last request: 0.000041 seconds.
  path: Assets/gbisf/outdoors_100 1.asset
  artifactKey: Guid(d495613f3b6f6824abeebca82105408f) Importer(815301076,1909f56bfc062723c751e8b465ee728b)
Start importing Assets/gbisf/outdoors_100 1.asset using Guid(d495613f3b6f6824abeebca82105408f) Importer(815301076,1909f56bfc062723c751e8b465ee728b)  -> (artifact id: 'b21e1c925574e2d5b32dc4e8409f7abb') in 0.027421 seconds 
========================================================================
Received Import Request.
  Time since last request: 0.000033 seconds.
  path: Assets/gbisf/outdoors_115.asset
  artifactKey: Guid(19cf682b775965e41868648731489b75) Importer(815301076,1909f56bfc062723c751e8b465ee728b)
Start importing Assets/gbisf/outdoors_115.asset using Guid(19cf682b775965e41868648731489b75) Importer(815301076,1909f56bfc062723c751e8b465ee728b)  -> (artifact id: 'f17d2c992226b0812395e50d1e4e9d3c') in 0.027342 seconds 
========================================================================
Received Import Request.
  Time since last request: 0.000038 seconds.
  path: Assets/gbisf/outdoors_96 1.asset
  artifactKey: Guid(e13b0cf208442794592a1da16b48a59c) Importer(815301076,1909f56bfc062723c751e8b465ee728b)
Start importing Assets/gbisf/outdoors_96 1.asset using Guid(e13b0cf208442794592a1da16b48a59c) Importer(815301076,1909f56bfc062723c751e8b465ee728b)  -> (artifact id: 'ed3bd610f736acde991d75c2017468e1') in 0.028596 seconds 
========================================================================
Received Import Request.
  Time since last request: 0.000034 seconds.
  path: Assets/gbisf/outdoors_45.asset
  artifactKey: Guid(03b62afe08f3b534e91735716a014c08) Importer(815301076,1909f56bfc062723c751e8b465ee728b)
Start importing Assets/gbisf/outdoors_45.asset using Guid(03b62afe08f3b534e91735716a014c08) Importer(815301076,1909f56bfc062723c751e8b465ee728b)  -> (artifact id: 'bfd2d32bdbe369f14a360a6888d60817') in 0.029944 seconds 
========================================================================
Received Import Request.
  Time since last request: 0.000041 seconds.
  path: Assets/gbisf/outdoors_143 1.asset
  artifactKey: Guid(e05a9d2ab16adc040b7674e6d6d43962) Importer(815301076,1909f56bfc062723c751e8b465ee728b)
Start importing Assets/gbisf/outdoors_143 1.asset using Guid(e05a9d2ab16adc040b7674e6d6d43962) Importer(815301076,1909f56bfc062723c751e8b465ee728b)  -> (artifact id: '570f8dbb23df58e1a8fe7791745daf53') in 0.029514 seconds 
========================================================================
Received Import Request.
  Time since last request: 0.000047 seconds.
  path: Assets/gbisf/outdoors_86 1.asset
  artifactKey: Guid(8e49246f66c77cd44b5594ed1db6ac71) Importer(815301076,1909f56bfc062723c751e8b465ee728b)
Start importing Assets/gbisf/outdoors_86 1.asset using Guid(8e49246f66c77cd44b5594ed1db6ac71) Importer(815301076,1909f56bfc062723c751e8b465ee728b)  -> (artifact id: '99f08e4c92025efc359c2048a53e685b') in 0.027868 seconds 
========================================================================
Received Import Request.
  Time since last request: 0.000171 seconds.
  path: Assets/gbisf/outdoors_158.asset
  artifactKey: Guid(3b0b4e5a9b339fa4081476fa79580a06) Importer(815301076,1909f56bfc062723c751e8b465ee728b)
Start importing Assets/gbisf/outdoors_158.asset using Guid(3b0b4e5a9b339fa4081476fa79580a06) Importer(815301076,1909f56bfc062723c751e8b465ee728b)  -> (artifact id: '41d1f04556ed0adb33737cf9d1481dcb') in 0.032069 seconds 
========================================================================
Received Import Request.
  Time since last request: 0.000051 seconds.
  path: Assets/gbisf/outdoors_32 1.asset
  artifactKey: Guid(0ca1d6ae5113a9a488d386418d35096f) Importer(815301076,1909f56bfc062723c751e8b465ee728b)
Start importing Assets/gbisf/outdoors_32 1.asset using Guid(0ca1d6ae5113a9a488d386418d35096f) Importer(815301076,1909f56bfc062723c751e8b465ee728b)  -> (artifact id: 'ccf8dd7bcf382a7fec9b853d8c630b35') in 0.029532 seconds 
========================================================================
Received Import Request.
  Time since last request: 0.000068 seconds.
  path: Assets/gbisf/outdoors_141.asset
  artifactKey: Guid(34cd74c65c2b7884cbbb62630c98b95f) Importer(815301076,1909f56bfc062723c751e8b465ee728b)
Start importing Assets/gbisf/outdoors_141.asset using Guid(34cd74c65c2b7884cbbb62630c98b95f) Importer(815301076,1909f56bfc062723c751e8b465ee728b)  -> (artifact id: 'e6bb8d4e877457d65a6c7b69c96e103f') in 0.028356 seconds 
========================================================================
Received Import Request.
  Time since last request: 0.000045 seconds.
  path: Assets/gbisf/outdoors_29.asset
  artifactKey: Guid(b86e42d3f24ab0a40a1bfe5997f7c52c) Importer(815301076,1909f56bfc062723c751e8b465ee728b)
Start importing Assets/gbisf/outdoors_29.asset using Guid(b86e42d3f24ab0a40a1bfe5997f7c52c) Importer(815301076,1909f56bfc062723c751e8b465ee728b)  -> (artifact id: '0c7a7718a178173fd462b86b752f1893') in 0.028589 seconds 
========================================================================
Received Import Request.
  Time since last request: 0.000029 seconds.
  path: Assets/gbisf/outdoors_62.asset
  artifactKey: Guid(1e7f98471535f4f498d8292780c51f3a) Importer(815301076,1909f56bfc062723c751e8b465ee728b)
Start importing Assets/gbisf/outdoors_62.asset using Guid(1e7f98471535f4f498d8292780c51f3a) Importer(815301076,1909f56bfc062723c751e8b465ee728b)  -> (artifact id: '6d3188c5e2bdc81459b1903ce9a07abe') in 0.026362 seconds 
========================================================================
Received Import Request.
  Time since last request: 0.000065 seconds.
  path: Assets/gbisf/outdoors_160.asset
  artifactKey: Guid(24a5843282ede604b8a640dd7d914b96) Importer(815301076,1909f56bfc062723c751e8b465ee728b)
Start importing Assets/gbisf/outdoors_160.asset using Guid(24a5843282ede604b8a640dd7d914b96) Importer(815301076,1909f56bfc062723c751e8b465ee728b)  -> (artifact id: '830793bb45c7adbb0040749b64f9070b') in 0.027512 seconds 
========================================================================
Received Import Request.
  Time since last request: 0.000152 seconds.
  path: Assets/gbisf/outdoors_68.asset
  artifactKey: Guid(ca233af84edbfe54e82600da0c9055ec) Importer(815301076,1909f56bfc062723c751e8b465ee728b)
Start importing Assets/gbisf/outdoors_68.asset using Guid(ca233af84edbfe54e82600da0c9055ec) Importer(815301076,1909f56bfc062723c751e8b465ee728b)  -> (artifact id: '23dea27736cf7f6b5ea64d19af58eafa') in 0.029024 seconds 
========================================================================
Received Import Request.
  Time since last request: 0.000045 seconds.
  path: Assets/gbisf/outdoors_144 1.asset
  artifactKey: Guid(687df845ab3640149892315b358b7711) Importer(815301076,1909f56bfc062723c751e8b465ee728b)
Start importing Assets/gbisf/outdoors_144 1.asset using Guid(687df845ab3640149892315b358b7711) Importer(815301076,1909f56bfc062723c751e8b465ee728b)  -> (artifact id: '96a4fa1169c9c101a1ffc82a1416fecf') in 0.025315 seconds 
========================================================================
Received Import Request.
  Time since last request: 159.713275 seconds.
  path: Assets/gbisf/tiles.prefab
  artifactKey: Guid(c1dde3774566fad41a7567ee34af44b2) Importer(815301076,1909f56bfc062723c751e8b465ee728b)
Start importing Assets/gbisf/tiles.prefab using Guid(c1dde3774566fad41a7567ee34af44b2) Importer(815301076,1909f56bfc062723c751e8b465ee728b)  -> (artifact id: '22961d151792322a812528c2ee36fed6') in 0.085470 seconds 
========================================================================
Received Prepare
Registering precompiled user dll's ...
Registered in 0.030490 seconds.
Begin MonoManager ReloadAssembly
Symbol file LoadedFromMemory doesn't match image C:\Users\cruzm\OneDrive\Ambiente de Trabalho\IPCA\CEV\The-Will-To-Survive\Library\PackageCache\com.unity.visualscripting@1.7.8\Editor\VisualScripting.Core\Dependencies\YamlDotNet\Unity.VisualScripting.YamlDotNet.dll
Symbol file LoadedFromMemory doesn't match image C:\Users\cruzm\OneDrive\Ambiente de Trabalho\IPCA\CEV\The-Will-To-Survive\Library\PackageCache\com.unity.visualscripting@1.7.8\Editor\VisualScripting.Core\Dependencies\DotNetZip\Unity.VisualScripting.IonicZip.dll
Native extension for WindowsStandalone target not found
Native extension for WebGL target not found
Refreshing native plugins compatible for Editor in 260.02 ms, found 4 plugins.
Preloading 0 native plugins for Editor in 0.00 ms.
Mono: successfully reloaded assembly
- Completed reload, in  2.615 seconds
Domain Reload Profiling:
	ReloadAssembly (2616ms)
		BeginReloadAssembly (298ms)
			ExecutionOrderSort (0ms)
			DisableScriptedObjects (8ms)
			BackupInstance (0ms)
			ReleaseScriptingObjects (0ms)
			CreateAndSetChildDomain (84ms)
		EndReloadAssembly (2096ms)
			LoadAssemblies (228ms)
			RebuildTransferFunctionScriptingTraits (0ms)
			SetupTypeCache (712ms)
			ReleaseScriptCaches (2ms)
			RebuildScriptCaches (208ms)
			SetupLoadedEditorAssemblies (840ms)
				LogAssemblyErrors (0ms)
				InitializePlatformSupportModulesInManaged (31ms)
				SetLoadedEditorAssemblies (0ms)
				RefreshPlugins (261ms)
				BeforeProcessingInitializeOnLoad (199ms)
				ProcessInitializeOnLoadAttributes (287ms)
				ProcessInitializeOnLoadMethodAttributes (49ms)
				AfterProcessingInitializeOnLoad (11ms)
				EditorAssembliesLoaded (0ms)
			ExecutionOrderSort2 (0ms)
			AwakeInstancesAfterBackupRestoration (9ms)
Platform modules already initialized, skipping
Refreshing native plugins compatible for Editor in 2.60 ms, found 4 plugins.
Preloading 0 native plugins for Editor in 0.00 ms.
Unloading 4040 Unused Serialized files (Serialized files now loaded: 0)
Unloading 31 unused Assets / (195.4 KB). Loaded Objects now: 4866.
Memory consumption went from 155.5 MB to 155.3 MB.
Total: 7.214700 ms (FindLiveObjects: 0.525800 ms CreateObjectMapping: 0.258100 ms MarkObjects: 6.254300 ms  DeleteObjects: 0.175400 ms)

AssetImportParameters requested are different than current active one (requested -> active):
  custom:video-decoder-ogg-theora: a1e56fd34408186e4bbccfd4996cb3dc -> 
  custom:container-muxer-webm: aa71ff27fc2769a1b78a27578f13a17b -> 
  custom:container-demuxer-webm: 4f35f7cbe854078d1ac9338744f61a02 -> 
  custom:video-encoder-webm-vp8: eb34c28f22e8b96e1ab97ce403110664 -> 
  custom:audio-encoder-webm-vorbis: bf7c407c2cedff20999df2af8eb42d56 -> 
  custom:framework-win-MediaFoundation: 216162199b28c13a410421893ffa2e32 -> 
  custom:container-demuxer-ogg: 62fdf1f143b41e24485cea50d1cbac27 -> 
  custom:video-decoder-webm-vp8: 9c59270c3fd7afecdb556c50c9e8de78 -> 
  custom:audio-decoder-ogg-vorbis: bf7c407c2cedff20999df2af8eb42d56 -> 
========================================================================
Received Import Request.
  Time since last request: 522.541693 seconds.
  path: Assets/Sprite/vehicles.png
  artifactKey: Guid(cbd9a99594d6bbe4086599564e15d89b) Importer(815301076,1909f56bfc062723c751e8b465ee728b)
Start importing Assets/Sprite/vehicles.png using Guid(cbd9a99594d6bbe4086599564e15d89b) Importer(815301076,1909f56bfc062723c751e8b465ee728b)  -> (artifact id: '4e3605b8cf5f1d6a726fc12292c84784') in 0.163466 seconds 
